{
  "stats": {
    "suites": 1,
    "tests": 1,
    "passes": 1,
    "pending": 0,
    "failures": 0,
    "start": "2025-03-30T13:20:01.668Z",
    "end": "2025-03-30T13:20:11.438Z",
    "duration": 9770,
    "testsRegistered": 1,
    "passPercent": 100,
    "pendingPercent": 0,
    "other": 0,
    "hasOther": false,
    "skipped": 0,
    "hasSkipped": false
  },
  "results": [
    {
      "uuid": "e7c02ea2-a2b7-45a2-82cc-d1a0d8d39ffa",
      "title": "",
      "fullFile": "cypress/e2e/Authentication/real-login.cy.js",
      "file": "cypress/e2e/Authentication/real-login.cy.js",
      "beforeHooks": [],
      "afterHooks": [],
      "tests": [],
      "suites": [
        {
          "uuid": "4fa58bc1-e76b-4d97-aa3c-7a20f2a9b04e",
          "title": "real google authentication",
          "fullFile": "",
          "file": "",
          "beforeHooks": [],
          "afterHooks": [],
          "tests": [
            {
              "title": "shows dashboard",
              "fullTitle": "real google authentication shows dashboard",
              "timedOut": null,
              "duration": 9230,
              "state": "passed",
              "speed": "medium",
              "pass": true,
              "fail": false,
              "pending": false,
              "context": null,
              "code": "// cy.contains('Get Started').should('be.visible')\ncy.visit('/dashboard');",
              "err": {},
              "uuid": "fb12584b-0aab-468b-998a-3a86fe88752a",
              "parentUUID": "4fa58bc1-e76b-4d97-aa3c-7a20f2a9b04e",
              "isHook": false,
              "skipped": false
            }
          ],
          "suites": [],
          "passes": [
            "fb12584b-0aab-468b-998a-3a86fe88752a"
          ],
          "failures": [],
          "pending": [],
          "skipped": [],
          "duration": 9230,
          "root": false,
          "rootEmpty": false,
          "_timeout": 2000
        }
      ],
      "passes": [],
      "failures": [],
      "pending": [],
      "skipped": [],
      "duration": 0,
      "root": true,
      "rootEmpty": true,
      "_timeout": 2000
    }
  ],
  "meta": {
    "mocha": {
      "version": "7.0.1"
    },
    "mochawesome": {
      "options": {
        "quiet": false,
        "reportFilename": "mochawesome",
        "saveHtml": true,
        "saveJson": true,
        "consoleReporter": "spec",
        "useInlineDiffs": false,
        "code": true
      },
      "version": "7.1.3"
    },
    "marge": {
      "options": {
        "reportDir": "cypress/reconxi-report",
        "overwrite": false,
        "html": true,
        "json": true
      },
      "version": "6.2.0"
    }
  }
}