{
  "stats": {
    "suites": 1,
    "tests": 1,
    "passes": 1,
    "pending": 0,
    "failures": 0,
    "start": "2025-03-30T13:19:46.309Z",
    "end": "2025-03-30T13:19:56.757Z",
    "duration": 10448,
    "testsRegistered": 1,
    "passPercent": 100,
    "pendingPercent": 0,
    "other": 0,
    "hasOther": false,
    "skipped": 0,
    "hasSkipped": false
  },
  "results": [
    {
      "uuid": "acd7aa1d-1f0e-4266-a2d3-91b442862623",
      "title": "",
      "fullFile": "cypress/e2e/Authentication/mock_auth.cy.js",
      "file": "cypress/e2e/Authentication/mock_auth.cy.js",
      "beforeHooks": [],
      "afterHooks": [],
      "tests": [],
      "suites": [
        {
          "uuid": "20d3b41f-cb04-4f3d-a79a-d2afbe937f37",
          "title": "Google",
          "fullFile": "",
          "file": "",
          "beforeHooks": [],
          "afterHooks": [],
          "tests": [
            {
              "title": "shows dashboard",
              "fullTitle": "Google shows dashboard",
              "timedOut": null,
              "duration": 10071,
              "state": "passed",
              "speed": "slow",
              "pass": true,
              "fail": false,
              "pending": false,
              "context": null,
              "code": "// cy.contains('Get Started').should('be.visible')\ncy.visit('/dashboard');",
              "err": {},
              "uuid": "265a0b33-6db8-47fa-9599-e90b4750927a",
              "parentUUID": "20d3b41f-cb04-4f3d-a79a-d2afbe937f37",
              "isHook": false,
              "skipped": false
            }
          ],
          "suites": [],
          "passes": [
            "265a0b33-6db8-47fa-9599-e90b4750927a"
          ],
          "failures": [],
          "pending": [],
          "skipped": [],
          "duration": 10071,
          "root": false,
          "rootEmpty": false,
          "_timeout": 2000
        }
      ],
      "passes": [],
      "failures": [],
      "pending": [],
      "skipped": [],
      "duration": 0,
      "root": true,
      "rootEmpty": true,
      "_timeout": 2000
    }
  ],
  "meta": {
    "mocha": {
      "version": "7.0.1"
    },
    "mochawesome": {
      "options": {
        "quiet": false,
        "reportFilename": "mochawesome",
        "saveHtml": true,
        "saveJson": true,
        "consoleReporter": "spec",
        "useInlineDiffs": false,
        "code": true
      },
      "version": "7.1.3"
    },
    "marge": {
      "options": {
        "reportDir": "cypress/reconxi-report",
        "overwrite": false,
        "html": true,
        "json": true
      },
      "version": "6.2.0"
    }
  }
}