{
  "stats": {
    "suites": 7,
    "tests": 26,
    "passes": 21,
    "pending": 0,
    "failures": 5,
    "testsRegistered": 26,
    "passPercent": 80.76923076923077,
    "pendingPercent": 0,
    "other": 0,
    "hasOther": false,
    "skipped": 0,
    "hasSkipped": false,
    "start": "2025-03-30T14:39:54.567Z",
    "end": "2025-03-30T14:48:34.030Z",
    "duration": 519463
  },
  "results": [
    {
      "uuid": "4067109c-59b3-4473-8846-19cbfc6c7f9c",
      "title": "",
      "fullFile": "cypress/e2e/Files Upload_And Reconcilation/files-upload-and-reconcilation-ui-implementation.cy.js",
      "file": "cypress/e2e/Files Upload_And Reconcilation/files-upload-and-reconcilation-ui-implementation.cy.js",
      "beforeHooks": [],
      "afterHooks": [],
      "tests": [],
      "suites": [
        {
          "uuid": "506da592-aed8-433e-9cf5-ccf20b53f2c5",
          "title": "File Upload Authorized Page Validation: validate UI implementation",
          "fullFile": "",
          "file": "",
          "beforeHooks": [],
          "afterHooks": [],
          "tests": [
            {
              "title": "should validate main page elements",
              "fullTitle": "File Upload Authorized Page Validation: validate UI implementation should validate main page elements",
              "timedOut": null,
              "duration": 7291,
              "state": "passed",
              "speed": "medium",
              "pass": true,
              "fail": false,
              "pending": false,
              "context": null,
              "code": "cy.contains('h2', 'Upload Bank Statement').should('be.visible');\ncy.contains('h2', 'Upload Company Ledger').should('be.visible');",
              "err": {},
              "uuid": "54b700a1-da9c-4210-ba16-20a3e292afdb",
              "parentUUID": "506da592-aed8-433e-9cf5-ccf20b53f2c5",
              "isHook": false,
              "skipped": false
            },
            {
              "title": "should validate Bank Statement Section",
              "fullTitle": "File Upload Authorized Page Validation: validate UI implementation should validate Bank Statement Section",
              "timedOut": null,
              "duration": 7211,
              "state": "passed",
              "speed": "medium",
              "pass": true,
              "fail": false,
              "pending": false,
              "context": null,
              "code": "cy.get('div[role=\"presentation\"]').should('contain.text', 'Choose file').and('have.css', 'border-color', 'rgba(51, 51, 51, 0.5)');",
              "err": {},
              "uuid": "f41cf8ac-7fdb-42da-bda8-50dd19dce3de",
              "parentUUID": "506da592-aed8-433e-9cf5-ccf20b53f2c5",
              "isHook": false,
              "skipped": false
            },
            {
              "title": "should validate Company Ledger Section",
              "fullTitle": "File Upload Authorized Page Validation: validate UI implementation should validate Company Ledger Section",
              "timedOut": null,
              "duration": 7116,
              "state": "passed",
              "speed": "medium",
              "pass": true,
              "fail": false,
              "pending": false,
              "context": null,
              "code": "cy.contains('Upload Company Ledger').parent().find('div[role=\"presentation\"]').should('contain.text', 'Choose file').and('have.css', 'border-color', 'rgba(51, 51, 51, 0.5)');",
              "err": {},
              "uuid": "1ac360cd-5eb9-4e70-bebc-f266ce73f168",
              "parentUUID": "506da592-aed8-433e-9cf5-ccf20b53f2c5",
              "isHook": false,
              "skipped": false
            },
            {
              "title": "should validate format requirements : CSV",
              "fullTitle": "File Upload Authorized Page Validation: validate UI implementation should validate format requirements : CSV",
              "timedOut": null,
              "duration": 7487,
              "state": "passed",
              "speed": "medium",
              "pass": true,
              "fail": false,
              "pending": false,
              "context": null,
              "code": "cy.contains('Supported format: CSV').should('have.length', 1);\ncy.contains('Maximum size: 2MB').should('have.length', 1);",
              "err": {},
              "uuid": "e325bc01-c29a-4521-a1e3-a8d96082c068",
              "parentUUID": "506da592-aed8-433e-9cf5-ccf20b53f2c5",
              "isHook": false,
              "skipped": false
            },
            {
              "title": "should validate header elements for a logged in user",
              "fullTitle": "File Upload Authorized Page Validation: validate UI implementation should validate header elements for a logged in user",
              "timedOut": null,
              "duration": 6917,
              "state": "passed",
              "speed": "medium",
              "pass": true,
              "fail": false,
              "pending": false,
              "context": null,
              "code": "// Validate that the ReconXi logo (a link to \"/\") is visible and contains the logo SVG and text.\ncy.get('a[href=\"/\"]').should('be.visible').within(() => {\n  cy.get('svg').should('be.visible');\n  cy.contains('ReconXi').should('be.visible');\n});",
              "err": {},
              "uuid": "31963e15-512d-4296-a528-3b6bfdab8e21",
              "parentUUID": "506da592-aed8-433e-9cf5-ccf20b53f2c5",
              "isHook": false,
              "skipped": false
            },
            {
              "title": "should check for profile icon",
              "fullTitle": "File Upload Authorized Page Validation: validate UI implementation should check for profile icon",
              "timedOut": null,
              "duration": 10636,
              "state": "passed",
              "speed": "slow",
              "pass": true,
              "fail": false,
              "pending": false,
              "context": null,
              "code": "cy.get('[data-slot=\"dropdown-menu-trigger\"]').should('be.visible').first().within(() => {\n  // Check either profile image or initial letter is visible\n  cy.get('.rounded-full').should('be.visible')\n  // If no image exists, verify first letter of username\n  .then($el => {\n    if ($el.find('img').length === 0) {\n      // Replace 'T' with first letter of expected username\n      cy.wrap($el).should('contain.text', 'L');\n    }\n  });\n  // Validate dropdown chevron\n  cy.get('svg.lucide-chevron-down').should('be.visible');\n});",
              "err": {},
              "uuid": "432e2095-db14-426f-9586-d562b84f1d0e",
              "parentUUID": "506da592-aed8-433e-9cf5-ccf20b53f2c5",
              "isHook": false,
              "skipped": false
            },
            {
              "title": "should check for profile icon with dynamic user initial using session token",
              "fullTitle": "File Upload Authorized Page Validation: validate UI implementation should check for profile icon with dynamic user initial using session token",
              "timedOut": null,
              "duration": 8794,
              "state": "passed",
              "speed": "medium",
              "pass": true,
              "fail": false,
              "pending": false,
              "context": null,
              "code": "// Get the session token from the cookie\ncy.getCookie('next-auth.session-token').should('exist').then(cookie => {\n  // Use the cookie value as your token (prepend \"Bearer \" if needed)\n  const sessionToken = cookie.value;\n  const authHeader = sessionToken.startsWith('Bearer ') ? sessionToken : `Bearer ${sessionToken}`;\n  // Use the session token in the API request to get the user details\n  cy.request({\n    method: 'GET',\n    url: 'https://api-dev.reconxi.com/api/v1/user',\n    headers: {\n      Authorization: authHeader\n    }\n  }).then(response => {\n    const userName = response.body.data.user.name;\n    const firstLetter = userName.charAt(0).toUpperCase();\n    cy.get('[data-slot=\"dropdown-menu-trigger\"]').should('be.visible').first().within(() => {\n      cy.get('.rounded-full').should('be.visible').then($el => {\n        if ($el.find('img').length === 0) {\n          cy.wrap($el).should('contain.text', firstLetter);\n        }\n      });\n      cy.get('svg.lucide-chevron-down').should('be.visible');\n    });\n  });\n});",
              "err": {},
              "uuid": "f3471a91-0441-4f78-9fce-04aa966bcda6",
              "parentUUID": "506da592-aed8-433e-9cf5-ccf20b53f2c5",
              "isHook": false,
              "skipped": false
            }
          ],
          "suites": [],
          "passes": [
            "54b700a1-da9c-4210-ba16-20a3e292afdb",
            "f41cf8ac-7fdb-42da-bda8-50dd19dce3de",
            "1ac360cd-5eb9-4e70-bebc-f266ce73f168",
            "e325bc01-c29a-4521-a1e3-a8d96082c068",
            "31963e15-512d-4296-a528-3b6bfdab8e21",
            "432e2095-db14-426f-9586-d562b84f1d0e",
            "f3471a91-0441-4f78-9fce-04aa966bcda6"
          ],
          "failures": [],
          "pending": [],
          "skipped": [],
          "duration": 55452,
          "root": false,
          "rootEmpty": false,
          "_timeout": 2000
        },
        {
          "uuid": "c169890c-1c44-4060-9200-e2c2cf711a73",
          "title": "File Upload Unauthorized Page Validation: validate UI implementation",
          "fullFile": "",
          "file": "",
          "beforeHooks": [],
          "afterHooks": [],
          "tests": [
            {
              "title": "should redirect unauthorized users to the unauthorized page",
              "fullTitle": "File Upload Unauthorized Page Validation: validate UI implementation should redirect unauthorized users to the unauthorized page",
              "timedOut": null,
              "duration": 3889,
              "state": "passed",
              "speed": "fast",
              "pass": true,
              "fail": false,
              "pending": false,
              "context": null,
              "code": "// Attempt to visit the file upload page without logging in\ncy.visit('/file-upload', {\n  failOnStatusCode: false\n});\n// Verify that the unauthorized page is displayed\ncy.get('.w-fit.mx-auto.my-32.flex.flex-col.items-center.gap-4').should('be.visible').within(() => {\n  cy.contains('OOPS!').should('be.visible');\n  cy.contains('UNAUTHORIZED').should('be.visible');\n  cy.contains('a', 'Go Back').should('be.visible');\n});\n// Verify the presence of the ReconXi logo\ncy.get('a[href=\"/\"]').should('be.visible').first().within(() => {\n  cy.get('svg').should('be.visible'); // Assuming the logo is an SVG\n  cy.contains('ReconXi').should('be.visible');\n});\n// Verify the presence of the \"Login\" and \"Sign up\" buttons\ncy.get('button').contains('Login').should('be.visible');\ncy.get('button').contains('Sign up').should('be.visible');",
              "err": {},
              "uuid": "018a083f-b3c2-40e4-b61b-8b2d53ab37bc",
              "parentUUID": "c169890c-1c44-4060-9200-e2c2cf711a73",
              "isHook": false,
              "skipped": false
            }
          ],
          "suites": [],
          "passes": [
            "018a083f-b3c2-40e4-b61b-8b2d53ab37bc"
          ],
          "failures": [],
          "pending": [],
          "skipped": [],
          "duration": 3889,
          "root": false,
          "rootEmpty": false,
          "_timeout": 2000
        }
      ],
      "passes": [],
      "failures": [],
      "pending": [],
      "skipped": [],
      "duration": 0,
      "root": true,
      "rootEmpty": true,
      "_timeout": 2000
    },
    {
      "uuid": "9488e4bf-f162-4107-aa45-05a760621c0f",
      "title": "",
      "fullFile": "cypress/e2e/testing-cypress-with-home.cy.js",
      "file": "cypress/e2e/testing-cypress-with-home.cy.js",
      "beforeHooks": [],
      "afterHooks": [],
      "tests": [],
      "suites": [
        {
          "uuid": "3e9bf44d-ad86-474a-b63c-1785710dfebc",
          "title": "Homepage Test",
          "fullFile": "",
          "file": "",
          "beforeHooks": [],
          "afterHooks": [],
          "tests": [
            {
              "title": "Visits the homepage and checks the title",
              "fullTitle": "Homepage Test Visits the homepage and checks the title",
              "timedOut": null,
              "duration": 6024,
              "state": "passed",
              "speed": "medium",
              "pass": true,
              "fail": false,
              "pending": false,
              "context": null,
              "code": "cy.visit('/');\ncy.title().should('include', 'ReconXi - AI-Powered Financial Reconciliation');",
              "err": {},
              "uuid": "905dec09-11e1-42ca-9b62-c38040851ff1",
              "parentUUID": "3e9bf44d-ad86-474a-b63c-1785710dfebc",
              "isHook": false,
              "skipped": false
            }
          ],
          "suites": [],
          "passes": [
            "905dec09-11e1-42ca-9b62-c38040851ff1"
          ],
          "failures": [],
          "pending": [],
          "skipped": [],
          "duration": 6024,
          "root": false,
          "rootEmpty": false,
          "_timeout": 2000
        }
      ],
      "passes": [],
      "failures": [],
      "pending": [],
      "skipped": [],
      "duration": 0,
      "root": true,
      "rootEmpty": true,
      "_timeout": 2000
    },
    {
      "uuid": "0bafa4fa-a2eb-416b-87f0-470b24bbc311",
      "title": "",
      "fullFile": "cypress/e2e/Authentication/logout.cy.js",
      "file": "cypress/e2e/Authentication/logout.cy.js",
      "beforeHooks": [],
      "afterHooks": [],
      "tests": [],
      "suites": [
        {
          "uuid": "f86ef66c-4176-4058-b5be-d1c14923294b",
          "title": "Login and Logout Flow",
          "fullFile": "",
          "file": "",
          "beforeHooks": [],
          "afterHooks": [],
          "tests": [
            {
              "title": "should handle logout successfully",
              "fullTitle": "Login and Logout Flow should handle logout successfully",
              "timedOut": null,
              "duration": 15966,
              "state": "failed",
              "speed": null,
              "pass": false,
              "fail": true,
              "pending": false,
              "context": null,
              "code": "// Open profile dropdown\ncy.get('[data-slot=\"dropdown-menu-trigger\"]').should('be.visible').click();\n// Wait for dropdown to animate in\ncy.get('[data-slot=\"dropdown-menu-content\"]').should('be.visible').wait(300).within(() => {\n  //Use the exact DOM hierarchy from your HTML\n  cy.get('button') // Target the parent button\n  .find('div.text-red-600') // Find the red text container\n  .should('contain', 'Log out').click({\n    force: true\n  });\n});\n// Verify logout confirmation\ncy.get('[role=\"alert\"]', {\n  timeout: 10000\n}).should('be.visible').and('contain.text', 'Log out successfully');",
              "err": {
                "message": "AssertionError: Timed out retrying after 4000ms: Expected to find element: `div.text-red-600`, but never found it. Queried from:\n\n              > cy.get(button)",
                "estack": "AssertionError: Timed out retrying after 4000ms: Expected to find element: `div.text-red-600`, but never found it. Queried from:\n\n              > cy.get(button)\n    at Context.eval (webpack://cypress-tests/./cypress/e2e/Authentication/logout.cy.js:98:9)\n    at withinFn (https://reconxi.com/__cypress/runner/cypress_runner.js:134284:8)\n    at <unknown> (https://reconxi.com/__cypress/runner/cypress_runner.js:134365:16)\n    at __WEBPACK_DEFAULT_EXPORT__ (https://reconxi.com/__cypress/runner/cypress_runner.js:132223:10)\n    at Context.within (https://reconxi.com/__cypress/runner/cypress_runner.js:134351:67)\n    at wrapped (https://reconxi.com/__cypress/runner/cypress_runner.js:139910:19)",
                "diff": null
              },
              "uuid": "2e0c163b-86a5-4006-9aa2-4e2916253676",
              "parentUUID": "f86ef66c-4176-4058-b5be-d1c14923294b",
              "isHook": false,
              "skipped": false
            }
          ],
          "suites": [],
          "passes": [],
          "failures": [
            "2e0c163b-86a5-4006-9aa2-4e2916253676"
          ],
          "pending": [],
          "skipped": [],
          "duration": 15966,
          "root": false,
          "rootEmpty": false,
          "_timeout": 2000
        }
      ],
      "passes": [],
      "failures": [],
      "pending": [],
      "skipped": [],
      "duration": 0,
      "root": true,
      "rootEmpty": true,
      "_timeout": 2000
    },
    {
      "uuid": "68193c87-ab04-4f0a-b6c2-fc44c8525921",
      "title": "",
      "fullFile": "cypress/e2e/Authentication/mock_auth.cy.js",
      "file": "cypress/e2e/Authentication/mock_auth.cy.js",
      "beforeHooks": [],
      "afterHooks": [],
      "tests": [],
      "suites": [
        {
          "uuid": "b01ab244-3ef6-4208-abe5-956bca4a7e77",
          "title": "Google",
          "fullFile": "",
          "file": "",
          "beforeHooks": [],
          "afterHooks": [],
          "tests": [
            {
              "title": "shows dashboard",
              "fullTitle": "Google shows dashboard",
              "timedOut": null,
              "duration": 8322,
              "state": "passed",
              "speed": "medium",
              "pass": true,
              "fail": false,
              "pending": false,
              "context": null,
              "code": "// cy.contains('Get Started').should('be.visible')\ncy.visit('/dashboard');",
              "err": {},
              "uuid": "198d6930-25b9-4d71-93e1-7a57a3ddad02",
              "parentUUID": "b01ab244-3ef6-4208-abe5-956bca4a7e77",
              "isHook": false,
              "skipped": false
            }
          ],
          "suites": [],
          "passes": [
            "198d6930-25b9-4d71-93e1-7a57a3ddad02"
          ],
          "failures": [],
          "pending": [],
          "skipped": [],
          "duration": 8322,
          "root": false,
          "rootEmpty": false,
          "_timeout": 2000
        }
      ],
      "passes": [],
      "failures": [],
      "pending": [],
      "skipped": [],
      "duration": 0,
      "root": true,
      "rootEmpty": true,
      "_timeout": 2000
    },
    {
      "uuid": "083196a4-e5a5-4041-b2a2-4013928b1894",
      "title": "",
      "fullFile": "cypress/e2e/Authentication/real-login.cy.js",
      "file": "cypress/e2e/Authentication/real-login.cy.js",
      "beforeHooks": [],
      "afterHooks": [],
      "tests": [],
      "suites": [
        {
          "uuid": "bff767d0-d083-4024-bf20-f0208c699a06",
          "title": "real google authentication",
          "fullFile": "",
          "file": "",
          "beforeHooks": [],
          "afterHooks": [],
          "tests": [
            {
              "title": "shows dashboard",
              "fullTitle": "real google authentication shows dashboard",
              "timedOut": null,
              "duration": 7651,
              "state": "passed",
              "speed": "medium",
              "pass": true,
              "fail": false,
              "pending": false,
              "context": null,
              "code": "// cy.contains('Get Started').should('be.visible')\ncy.visit('/dashboard');",
              "err": {},
              "uuid": "4e6aed63-0c6b-4055-9475-5104e73dc76a",
              "parentUUID": "bff767d0-d083-4024-bf20-f0208c699a06",
              "isHook": false,
              "skipped": false
            }
          ],
          "suites": [],
          "passes": [
            "4e6aed63-0c6b-4055-9475-5104e73dc76a"
          ],
          "failures": [],
          "pending": [],
          "skipped": [],
          "duration": 7651,
          "root": false,
          "rootEmpty": false,
          "_timeout": 2000
        }
      ],
      "passes": [],
      "failures": [],
      "pending": [],
      "skipped": [],
      "duration": 0,
      "root": true,
      "rootEmpty": true,
      "_timeout": 2000
    },
    {
      "uuid": "700fcd0b-5f8d-49aa-9b28-082927ebd508",
      "title": "",
      "fullFile": "cypress/e2e/Files Upload_And Reconcilation/file-upload-and-reconcilation-functional-test.cy.js",
      "file": "cypress/e2e/Files Upload_And Reconcilation/file-upload-and-reconcilation-functional-test.cy.js",
      "beforeHooks": [],
      "afterHooks": [],
      "tests": [],
      "suites": [
        {
          "uuid": "bf83660a-9c0b-4105-aee6-311baa6054eb",
          "title": "File Upload Page Validation",
          "fullFile": "",
          "file": "",
          "beforeHooks": [],
          "afterHooks": [],
          "tests": [
            {
              "title": "should handle valid file uploads",
              "fullTitle": "File Upload Page Validation should handle valid file uploads",
              "timedOut": null,
              "duration": 7388,
              "state": "passed",
              "speed": "medium",
              "pass": true,
              "fail": false,
              "pending": false,
              "context": null,
              "code": "// Bank Statement upload\ncy.contains('Upload Bank Statement').next() // gets the upload zone div following the h2\n.find('input[type=\"file\"]').selectFile(`cypress/fixtures/testFiles/${testFiles.validBankCSV}`, {\n  force: true\n});\n// Company Ledger upload\ncy.contains('Upload Company Ledger').next()\n// .parent() // Navigate to the parent div\n.find('input[type=\"file\"]').selectFile(`cypress/fixtures/testFiles/${testFiles.validCompanyCSV}`, {\n  force: true\n});\n// Initially, the button is disabled\ncy.contains('button', 'Reconcile').should('exist').and('be.disabled');\n// Confirm the \"Reconcile\" button is enabled After All Files Are Uploaded\ncy.contains('button', 'Reconcile').should('not.be.disabled').click(); // Proceed to click the button if it's enabled",
              "err": {},
              "uuid": "0858f118-0066-4567-b54e-6f809c70a34c",
              "parentUUID": "bf83660a-9c0b-4105-aee6-311baa6054eb",
              "isHook": false,
              "skipped": false
            },
            {
              "title": "Should show error response for invalid file types",
              "fullTitle": "File Upload Page Validation Should show error response for invalid file types",
              "timedOut": null,
              "duration": 11838,
              "state": "failed",
              "speed": null,
              "pass": false,
              "fail": true,
              "pending": false,
              "context": null,
              "code": "cy.contains('Upload Bank Statement').next() // gets the upload zone div following the h2\n.find('input[type=\"file\"]').selectFile(`cypress/fixtures/testFiles/${testFiles.invalidStatement}`, {\n  force: true\n});\n// toast alert notifications container \ncy.window().then(win => {\n  const toastContainer = win.document.querySelector('section[aria-label=\"Notifications alt+T\"]');\n  const toast = win.document.createElement('div');\n  toast.className = 'text-red-600';\n  toast.innerText = 'Invalid file type';\n  toastContainer.appendChild(toast);\n});\n// test for toast existense\ncy.get('section[aria-label=\"Notifications alt+T\"]', {\n  timeout: 10000\n}).should('contain.text', 'Invalid file type');\ncy.get('[data-testid=\"reconcile-button\"]').should('be.disabled');",
              "err": {
                "message": "AssertionError: Timed out retrying after 4000ms: Expected to find element: `[data-testid=\"reconcile-button\"]`, but never found it.",
                "estack": "AssertionError: Timed out retrying after 4000ms: Expected to find element: `[data-testid=\"reconcile-button\"]`, but never found it.\n    at Context.eval (webpack://cypress-tests/./cypress/e2e/Files Upload_And Reconcilation/file-upload-and-reconcilation-functional-test.cy.js:77:49)",
                "diff": null
              },
              "uuid": "b2663ee8-b394-4ad9-8eef-efa55feb17b4",
              "parentUUID": "bf83660a-9c0b-4105-aee6-311baa6054eb",
              "isHook": false,
              "skipped": false
            },
            {
              "title": "Should display error message for large file uploads",
              "fullTitle": "File Upload Page Validation Should display error message for large file uploads",
              "timedOut": null,
              "duration": 11080,
              "state": "failed",
              "speed": null,
              "pass": false,
              "fail": true,
              "pending": false,
              "context": null,
              "code": "cy.get('section[aria-label=\"Notifications alt+T\"]').contains('File Size Exeeded').should('be.visible');",
              "err": {
                "message": "AssertionError: Timed out retrying after 4000ms: Expected to find content: 'File Size Exeeded' within the element: <section> but never did.",
                "estack": "AssertionError: Timed out retrying after 4000ms: Expected to find content: 'File Size Exeeded' within the element: <section> but never did.\n    at Context.eval (webpack://cypress-tests/./cypress/e2e/Files Upload_And Reconcilation/file-upload-and-reconcilation-functional-test.cy.js:86:9)",
                "diff": null
              },
              "uuid": "4d50b323-c92e-4f26-ae67-2d13dceb7f35",
              "parentUUID": "bf83660a-9c0b-4105-aee6-311baa6054eb",
              "isHook": false,
              "skipped": false
            },
            {
              "title": "should maintain button state until both files are uploaded",
              "fullTitle": "File Upload Page Validation should maintain button state until both files are uploaded",
              "timedOut": null,
              "duration": 7562,
              "state": "passed",
              "speed": "medium",
              "pass": true,
              "fail": false,
              "pending": false,
              "context": null,
              "code": "// Initially, the button is disabled\ncy.contains('button', 'Reconcile').should('exist').and('be.disabled');\n// Bank Statement upload\ncy.contains('Upload Bank Statement').next() // gets the upload zone div following the h2\n.find('input[type=\"file\"]').selectFile(`cypress/fixtures/testFiles/${testFiles.validBankCSV}`, {\n  force: true\n});\n// Company Ledger upload\ncy.contains('Upload Company Ledger').next()\n// .parent() // Navigate to the parent div\n.find('input[type=\"file\"]').selectFile(`cypress/fixtures/testFiles/${testFiles.validCompanyCSV}`, {\n  force: true\n});\n// Confirm the \"Reconcile\" button is enabled After All Files Are Uploaded\ncy.contains('button', 'Reconcile').should('not.be.disabled').click(); // Proceed to click the button if it's enabled",
              "err": {},
              "uuid": "8b9f7d0d-5252-4525-82bc-4d57e0de5313",
              "parentUUID": "bf83660a-9c0b-4105-aee6-311baa6054eb",
              "isHook": false,
              "skipped": false
            },
            {
              "title": "should validate Reconcile button states",
              "fullTitle": "File Upload Page Validation should validate Reconcile button states",
              "timedOut": null,
              "duration": 12474,
              "state": "failed",
              "speed": null,
              "pass": false,
              "fail": true,
              "pending": false,
              "context": null,
              "code": "// Initial state - disabled\ncy.contains('button', 'Reconcile').should('be.visible').and('have.attr', 'disabled').and('have.css', 'background-color', 'rgba(46, 96, 74, 0.5)'); // Disabled opacity\n// Upload one valid file\ncy.get('[aria-label=\"Bank upload zone\"] input[type=\"file\"]').selectFile(`cypress/fixtures/${testFiles.validCSV}`, {\n  force: true\n});\ncy.contains('button', 'Reconcile').should('have.attr', 'disabled').and('have.css', 'background-color', 'rgba(46, 96, 74, 0.5)');\n// Upload second valid file\ncy.get('[aria-label=\"Ledger upload zone\"] input[type=\"file\"]').selectFile(`cypress/fixtures/${testFiles.validCSV}`, {\n  force: true\n});\n// Enabled state\ncy.contains('button', 'Reconcile').should('not.have.attr', 'disabled').and('have.css', 'background-color', 'rgb(46, 96, 74)') // Full opacity\n.and('have.css', 'cursor', 'pointer');\n// After reconciliation\ncy.intercept('POST', '/api/v1/reconcile-embeddings', {\n  statusCode: 200,\n  body: {\n    reconciliationId: 'eca6f7b2-6e74-4936-8a03-11064af86619'\n  }\n}).as('reconcileRequest');\ncy.contains('button', 'Reconcile').click();\ncy.wait('@reconcileRequest');\n// Verify button resets to disabled\ncy.contains('button', 'Reconcile').should('have.attr', 'disabled').and('have.css', 'background-color', 'rgba(46, 96, 74, 0.5)');",
              "err": {
                "message": "CypressError: Timed out retrying after 4000ms: You attempted to make a chai-jQuery assertion on an object that is neither a DOM object or a jQuery object.\n\nThe chai-jQuery assertion you used was:\n\n  > css\n\nThe invalid subject you asserted on was:\n\n  > disabled\n\nTo use chai-jQuery assertions your subject must be valid.\n\nThis can sometimes happen if a previous assertion changed the subject.",
                "estack": "CypressError: Timed out retrying after 4000ms: You attempted to make a chai-jQuery assertion on an object that is neither a DOM object or a jQuery object.\n\nThe chai-jQuery assertion you used was:\n\n  > css\n\nThe invalid subject you asserted on was:\n\n  > disabled\n\nTo use chai-jQuery assertions your subject must be valid.\n\nThis can sometimes happen if a previous assertion changed the subject.\n    at Object.onInvalid (https://reconxi.com/__cypress/runner/cypress_runner.js:140587:68)\n    at assertDom (https://reconxi.com/__cypress/runner/cypress_runner.js:141262:26)\n    at Proxy.<anonymous> (https://reconxi.com/__cypress/runner/cypress_runner.js:141367:7)\n    at Proxy.methodWrapper (https://reconxi.com/__cypress/runner/cypress_runner.js:78779:25)\n    at applyChainer (https://reconxi.com/__cypress/runner/cypress_runner.js:118880:26)\n    at <unknown> (https://reconxi.com/__cypress/runner/cypress_runner.js:118933:16)\n    at arrayReduce (https://reconxi.com/__cypress/runner/cypress_runner.js:18675:21)\n    at Function.reduce (https://reconxi.com/__cypress/runner/cypress_runner.js:27727:14)\n    at applyChainers (https://reconxi.com/__cypress/runner/cypress_runner.js:118911:68)\n    at tryCatcher (https://reconxi.com/__cypress/runner/cypress_runner.js:1777:23)\n    at Promise.attempt.Promise.try (https://reconxi.com/__cypress/runner/cypress_runner.js:4285:29)\n    at Context.shouldFn (https://reconxi.com/__cypress/runner/cypress_runner.js:118937:66)\n    at Context.and (https://reconxi.com/__cypress/runner/cypress_runner.js:118959:23)\n    at <unknown> (https://reconxi.com/__cypress/runner/cypress_runner.js:144836:39)\n    at assertions (https://reconxi.com/__cypress/runner/cypress_runner.js:145084:16)\n    at tryCatcher (https://reconxi.com/__cypress/runner/cypress_runner.js:1777:23)\n    at Object.gotValue (https://reconxi.com/__cypress/runner/cypress_runner.js:6448:18)\n    at Object.gotAccum (https://reconxi.com/__cypress/runner/cypress_runner.js:6435:25)\n    at Object.tryCatcher (https://reconxi.com/__cypress/runner/cypress_runner.js:1777:23)\n    at Promise._settlePromiseFromHandler (https://reconxi.com/__cypress/runner/cypress_runner.js:1489:31)\n    at Promise._settlePromise (https://reconxi.com/__cypress/runner/cypress_runner.js:1546:18)\n    at Promise._settlePromise0 (https://reconxi.com/__cypress/runner/cypress_runner.js:1591:10)\nFrom Your Spec Code:\n    at Context.eval (webpack://cypress-tests/./cypress/e2e/Files Upload_And Reconcilation/file-upload-and-reconcilation-functional-test.cy.js:126:11)",
                "diff": null
              },
              "uuid": "07a8a21f-f212-45b6-b807-a4e7aa8ec3da",
              "parentUUID": "bf83660a-9c0b-4105-aee6-311baa6054eb",
              "isHook": false,
              "skipped": false
            },
            {
              "title": "should show loading state during reconciliation",
              "fullTitle": "File Upload Page Validation should show loading state during reconciliation",
              "timedOut": null,
              "duration": 11540,
              "state": "failed",
              "speed": null,
              "pass": false,
              "fail": true,
              "pending": false,
              "context": null,
              "code": "// Upload valid files\ncy.get('[aria-label=\"Bank upload zone\"] input[type=\"file\"]').selectFile(`cypress/fixtures/${testFiles.validCSV}`, {\n  force: true\n});\ncy.get('[aria-label=\"Ledger upload zone\"] input[type=\"file\"]').selectFile(`cypress/fixtures/${testFiles.validCSV}`, {\n  force: true\n});\n// Mock slow API response\ncy.intercept('POST', '/api/v1/reconcile-embeddings', req => {\n  req.reply({\n    delay: 2000,\n    statusCode: 200,\n    body: {\n      reconciliationId: 'eca6f7b2-6e74-4936-8a03-11064af86619'\n    }\n  });\n}).as('slowReconcile');\ncy.contains('button', 'Reconcile').click();\n// Verify loading state\ncy.contains('button', 'Reconcile').should('have.attr', 'disabled').and('contain', 'Processing...').and('have.css', 'cursor', 'not-allowed');\ncy.wait('@slowReconcile');",
              "err": {
                "message": "AssertionError: Timed out retrying after 4000ms: Expected to find element: `[aria-label=\"Bank upload zone\"] input[type=\"file\"]`, but never found it.",
                "estack": "AssertionError: Timed out retrying after 4000ms: Expected to find element: `[aria-label=\"Bank upload zone\"] input[type=\"file\"]`, but never found it.\n    at Context.eval (webpack://cypress-tests/./cypress/e2e/Files Upload_And Reconcilation/file-upload-and-reconcilation-functional-test.cy.js:164:11)",
                "diff": null
              },
              "uuid": "6072a2f9-134a-4cf3-af61-8ecada0be67d",
              "parentUUID": "bf83660a-9c0b-4105-aee6-311baa6054eb",
              "isHook": false,
              "skipped": false
            }
          ],
          "suites": [],
          "passes": [
            "0858f118-0066-4567-b54e-6f809c70a34c",
            "8b9f7d0d-5252-4525-82bc-4d57e0de5313"
          ],
          "failures": [
            "b2663ee8-b394-4ad9-8eef-efa55feb17b4",
            "4d50b323-c92e-4f26-ae67-2d13dceb7f35",
            "07a8a21f-f212-45b6-b807-a4e7aa8ec3da",
            "6072a2f9-134a-4cf3-af61-8ecada0be67d"
          ],
          "pending": [],
          "skipped": [],
          "duration": 61882,
          "root": false,
          "rootEmpty": false,
          "_timeout": 2000
        }
      ],
      "passes": [],
      "failures": [],
      "pending": [],
      "skipped": [],
      "duration": 0,
      "root": true,
      "rootEmpty": true,
      "_timeout": 2000
    },
    {
      "uuid": "7f69848d-8e7a-4004-9636-15193c083c4d",
      "title": "",
      "fullFile": "cypress/e2e/Files Upload_And Reconcilation/files-upload-and-reconcilation-ui-implementation.cy.js",
      "file": "cypress/e2e/Files Upload_And Reconcilation/files-upload-and-reconcilation-ui-implementation.cy.js",
      "beforeHooks": [],
      "afterHooks": [],
      "tests": [],
      "suites": [
        {
          "uuid": "5baed88b-b436-4783-824a-8f1af1a59d97",
          "title": "File Upload Authorized Page Validation: validate UI implementation",
          "fullFile": "",
          "file": "",
          "beforeHooks": [],
          "afterHooks": [],
          "tests": [
            {
              "title": "should validate main page elements",
              "fullTitle": "File Upload Authorized Page Validation: validate UI implementation should validate main page elements",
              "timedOut": null,
              "duration": 8381,
              "state": "passed",
              "speed": "medium",
              "pass": true,
              "fail": false,
              "pending": false,
              "context": null,
              "code": "cy.contains('h2', 'Upload Bank Statement').should('be.visible');\ncy.contains('h2', 'Upload Company Ledger').should('be.visible');",
              "err": {},
              "uuid": "79104692-8476-49ed-931e-8c99258deeb5",
              "parentUUID": "5baed88b-b436-4783-824a-8f1af1a59d97",
              "isHook": false,
              "skipped": false
            },
            {
              "title": "should validate Bank Statement Section",
              "fullTitle": "File Upload Authorized Page Validation: validate UI implementation should validate Bank Statement Section",
              "timedOut": null,
              "duration": 7215,
              "state": "passed",
              "speed": "medium",
              "pass": true,
              "fail": false,
              "pending": false,
              "context": null,
              "code": "cy.get('div[role=\"presentation\"]').should('contain.text', 'Choose file').and('have.css', 'border-color', 'rgba(51, 51, 51, 0.5)');",
              "err": {},
              "uuid": "0b7b423b-622b-44f1-9f3b-2b7d913b9611",
              "parentUUID": "5baed88b-b436-4783-824a-8f1af1a59d97",
              "isHook": false,
              "skipped": false
            },
            {
              "title": "should validate Company Ledger Section",
              "fullTitle": "File Upload Authorized Page Validation: validate UI implementation should validate Company Ledger Section",
              "timedOut": null,
              "duration": 9413,
              "state": "passed",
              "speed": "medium",
              "pass": true,
              "fail": false,
              "pending": false,
              "context": null,
              "code": "cy.contains('Upload Company Ledger').parent().find('div[role=\"presentation\"]').should('contain.text', 'Choose file').and('have.css', 'border-color', 'rgba(51, 51, 51, 0.5)');",
              "err": {},
              "uuid": "768074b9-a696-4b88-ac3c-e3e9ad0558bb",
              "parentUUID": "5baed88b-b436-4783-824a-8f1af1a59d97",
              "isHook": false,
              "skipped": false
            },
            {
              "title": "should validate format requirements : CSV",
              "fullTitle": "File Upload Authorized Page Validation: validate UI implementation should validate format requirements : CSV",
              "timedOut": null,
              "duration": 8002,
              "state": "passed",
              "speed": "medium",
              "pass": true,
              "fail": false,
              "pending": false,
              "context": null,
              "code": "cy.contains('Supported format: CSV').should('have.length', 1);\ncy.contains('Maximum size: 2MB').should('have.length', 1);",
              "err": {},
              "uuid": "059fd97f-60f0-44fc-9fdd-254ed2671484",
              "parentUUID": "5baed88b-b436-4783-824a-8f1af1a59d97",
              "isHook": false,
              "skipped": false
            },
            {
              "title": "should validate header elements for a logged in user",
              "fullTitle": "File Upload Authorized Page Validation: validate UI implementation should validate header elements for a logged in user",
              "timedOut": null,
              "duration": 7802,
              "state": "passed",
              "speed": "medium",
              "pass": true,
              "fail": false,
              "pending": false,
              "context": null,
              "code": "// Validate that the ReconXi logo (a link to \"/\") is visible and contains the logo SVG and text.\ncy.get('a[href=\"/\"]').should('be.visible').within(() => {\n  cy.get('svg').should('be.visible');\n  cy.contains('ReconXi').should('be.visible');\n});",
              "err": {},
              "uuid": "2a12e32f-107e-4bbc-8662-81660eab24d8",
              "parentUUID": "5baed88b-b436-4783-824a-8f1af1a59d97",
              "isHook": false,
              "skipped": false
            },
            {
              "title": "should check for profile icon",
              "fullTitle": "File Upload Authorized Page Validation: validate UI implementation should check for profile icon",
              "timedOut": null,
              "duration": 8685,
              "state": "passed",
              "speed": "medium",
              "pass": true,
              "fail": false,
              "pending": false,
              "context": null,
              "code": "cy.get('[data-slot=\"dropdown-menu-trigger\"]').should('be.visible').first().within(() => {\n  // Check either profile image or initial letter is visible\n  cy.get('.rounded-full').should('be.visible')\n  // If no image exists, verify first letter of username\n  .then($el => {\n    if ($el.find('img').length === 0) {\n      // Replace 'T' with first letter of expected username\n      cy.wrap($el).should('contain.text', 'L');\n    }\n  });\n  // Validate dropdown chevron\n  cy.get('svg.lucide-chevron-down').should('be.visible');\n});",
              "err": {},
              "uuid": "9a874908-0093-42f0-83ba-9274891050fe",
              "parentUUID": "5baed88b-b436-4783-824a-8f1af1a59d97",
              "isHook": false,
              "skipped": false
            },
            {
              "title": "should check for profile icon with dynamic user initial using session token",
              "fullTitle": "File Upload Authorized Page Validation: validate UI implementation should check for profile icon with dynamic user initial using session token",
              "timedOut": null,
              "duration": 11857,
              "state": "passed",
              "speed": "slow",
              "pass": true,
              "fail": false,
              "pending": false,
              "context": null,
              "code": "// Get the session token from the cookie\ncy.getCookie('next-auth.session-token').should('exist').then(cookie => {\n  // Use the cookie value as your token (prepend \"Bearer \" if needed)\n  const sessionToken = cookie.value;\n  const authHeader = sessionToken.startsWith('Bearer ') ? sessionToken : `Bearer ${sessionToken}`;\n  // Use the session token in the API request to get the user details\n  cy.request({\n    method: 'GET',\n    url: 'https://api-dev.reconxi.com/api/v1/user',\n    headers: {\n      Authorization: authHeader\n    }\n  }).then(response => {\n    const userName = response.body.data.user.name;\n    const firstLetter = userName.charAt(0).toUpperCase();\n    cy.get('[data-slot=\"dropdown-menu-trigger\"]').should('be.visible').first().within(() => {\n      cy.get('.rounded-full').should('be.visible').then($el => {\n        if ($el.find('img').length === 0) {\n          cy.wrap($el).should('contain.text', firstLetter);\n        }\n      });\n      cy.get('svg.lucide-chevron-down').should('be.visible');\n    });\n  });\n});",
              "err": {},
              "uuid": "40b45a82-4514-4bbb-ab12-297c996fe05d",
              "parentUUID": "5baed88b-b436-4783-824a-8f1af1a59d97",
              "isHook": false,
              "skipped": false
            }
          ],
          "suites": [],
          "passes": [
            "79104692-8476-49ed-931e-8c99258deeb5",
            "0b7b423b-622b-44f1-9f3b-2b7d913b9611",
            "768074b9-a696-4b88-ac3c-e3e9ad0558bb",
            "059fd97f-60f0-44fc-9fdd-254ed2671484",
            "2a12e32f-107e-4bbc-8662-81660eab24d8",
            "9a874908-0093-42f0-83ba-9274891050fe",
            "40b45a82-4514-4bbb-ab12-297c996fe05d"
          ],
          "failures": [],
          "pending": [],
          "skipped": [],
          "duration": 61355,
          "root": false,
          "rootEmpty": false,
          "_timeout": 2000
        },
        {
          "uuid": "1f22fbb2-79dd-4e6c-af63-6032852253f1",
          "title": "File Upload Unauthorized Page Validation: validate UI implementation",
          "fullFile": "",
          "file": "",
          "beforeHooks": [],
          "afterHooks": [],
          "tests": [
            {
              "title": "should redirect unauthorized users to the unauthorized page",
              "fullTitle": "File Upload Unauthorized Page Validation: validate UI implementation should redirect unauthorized users to the unauthorized page",
              "timedOut": null,
              "duration": 3470,
              "state": "passed",
              "speed": "fast",
              "pass": true,
              "fail": false,
              "pending": false,
              "context": null,
              "code": "// Attempt to visit the file upload page without logging in\ncy.visit('/file-upload', {\n  failOnStatusCode: false\n});\n// Verify that the unauthorized page is displayed\ncy.get('.w-fit.mx-auto.my-32.flex.flex-col.items-center.gap-4').should('be.visible').within(() => {\n  cy.contains('OOPS!').should('be.visible');\n  cy.contains('UNAUTHORIZED').should('be.visible');\n  cy.contains('a', 'Go Back').should('be.visible');\n});\n// Verify the presence of the ReconXi logo\ncy.get('a[href=\"/\"]').should('be.visible').first().within(() => {\n  cy.get('svg').should('be.visible'); // Assuming the logo is an SVG\n  cy.contains('ReconXi').should('be.visible');\n});\n// Verify the presence of the \"Login\" and \"Sign up\" buttons\ncy.get('button').contains('Login').should('be.visible');\ncy.get('button').contains('Sign up').should('be.visible');",
              "err": {},
              "uuid": "c22a9707-0d23-4944-a7f1-637e168566fb",
              "parentUUID": "1f22fbb2-79dd-4e6c-af63-6032852253f1",
              "isHook": false,
              "skipped": false
            }
          ],
          "suites": [],
          "passes": [
            "c22a9707-0d23-4944-a7f1-637e168566fb"
          ],
          "failures": [],
          "pending": [],
          "skipped": [],
          "duration": 3470,
          "root": false,
          "rootEmpty": false,
          "_timeout": 2000
        }
      ],
      "passes": [],
      "failures": [],
      "pending": [],
      "skipped": [],
      "duration": 0,
      "root": true,
      "rootEmpty": true,
      "_timeout": 2000
    }
  ],
  "meta": {
    "mocha": {
      "version": "7.0.1"
    },
    "mochawesome": {
      "options": {
        "quiet": false,
        "reportFilename": "mochawesome",
        "saveHtml": true,
        "saveJson": true,
        "consoleReporter": "spec",
        "useInlineDiffs": false,
        "code": true
      },
      "version": "7.1.3"
    },
    "marge": {
      "options": {
        "reportDir": "cypress/reports",
        "overwrite": false,
        "html": true,
        "json": true
      },
      "version": "6.2.0"
    }
  }
}