{
  "stats": {
    "suites": 2,
    "tests": 8,
    "passes": 8,
    "pending": 0,
    "failures": 0,
    "start": "2025-03-30T14:47:28.424Z",
    "end": "2025-03-30T14:48:34.030Z",
    "duration": 65606,
    "testsRegistered": 8,
    "passPercent": 100,
    "pendingPercent": 0,
    "other": 0,
    "hasOther": false,
    "skipped": 0,
    "hasSkipped": false
  },
  "results": [
    {
      "uuid": "7f69848d-8e7a-4004-9636-15193c083c4d",
      "title": "",
      "fullFile": "cypress/e2e/Files Upload_And Reconcilation/files-upload-and-reconcilation-ui-implementation.cy.js",
      "file": "cypress/e2e/Files Upload_And Reconcilation/files-upload-and-reconcilation-ui-implementation.cy.js",
      "beforeHooks": [],
      "afterHooks": [],
      "tests": [],
      "suites": [
        {
          "uuid": "5baed88b-b436-4783-824a-8f1af1a59d97",
          "title": "File Upload Authorized Page Validation: validate UI implementation",
          "fullFile": "",
          "file": "",
          "beforeHooks": [],
          "afterHooks": [],
          "tests": [
            {
              "title": "should validate main page elements",
              "fullTitle": "File Upload Authorized Page Validation: validate UI implementation should validate main page elements",
              "timedOut": null,
              "duration": 8381,
              "state": "passed",
              "speed": "medium",
              "pass": true,
              "fail": false,
              "pending": false,
              "context": null,
              "code": "cy.contains('h2', 'Upload Bank Statement').should('be.visible');\ncy.contains('h2', 'Upload Company Ledger').should('be.visible');",
              "err": {},
              "uuid": "79104692-8476-49ed-931e-8c99258deeb5",
              "parentUUID": "5baed88b-b436-4783-824a-8f1af1a59d97",
              "isHook": false,
              "skipped": false
            },
            {
              "title": "should validate Bank Statement Section",
              "fullTitle": "File Upload Authorized Page Validation: validate UI implementation should validate Bank Statement Section",
              "timedOut": null,
              "duration": 7215,
              "state": "passed",
              "speed": "medium",
              "pass": true,
              "fail": false,
              "pending": false,
              "context": null,
              "code": "cy.get('div[role=\"presentation\"]').should('contain.text', 'Choose file').and('have.css', 'border-color', 'rgba(51, 51, 51, 0.5)');",
              "err": {},
              "uuid": "0b7b423b-622b-44f1-9f3b-2b7d913b9611",
              "parentUUID": "5baed88b-b436-4783-824a-8f1af1a59d97",
              "isHook": false,
              "skipped": false
            },
            {
              "title": "should validate Company Ledger Section",
              "fullTitle": "File Upload Authorized Page Validation: validate UI implementation should validate Company Ledger Section",
              "timedOut": null,
              "duration": 9413,
              "state": "passed",
              "speed": "medium",
              "pass": true,
              "fail": false,
              "pending": false,
              "context": null,
              "code": "cy.contains('Upload Company Ledger').parent().find('div[role=\"presentation\"]').should('contain.text', 'Choose file').and('have.css', 'border-color', 'rgba(51, 51, 51, 0.5)');",
              "err": {},
              "uuid": "768074b9-a696-4b88-ac3c-e3e9ad0558bb",
              "parentUUID": "5baed88b-b436-4783-824a-8f1af1a59d97",
              "isHook": false,
              "skipped": false
            },
            {
              "title": "should validate format requirements : CSV",
              "fullTitle": "File Upload Authorized Page Validation: validate UI implementation should validate format requirements : CSV",
              "timedOut": null,
              "duration": 8002,
              "state": "passed",
              "speed": "medium",
              "pass": true,
              "fail": false,
              "pending": false,
              "context": null,
              "code": "cy.contains('Supported format: CSV').should('have.length', 1);\ncy.contains('Maximum size: 2MB').should('have.length', 1);",
              "err": {},
              "uuid": "059fd97f-60f0-44fc-9fdd-254ed2671484",
              "parentUUID": "5baed88b-b436-4783-824a-8f1af1a59d97",
              "isHook": false,
              "skipped": false
            },
            {
              "title": "should validate header elements for a logged in user",
              "fullTitle": "File Upload Authorized Page Validation: validate UI implementation should validate header elements for a logged in user",
              "timedOut": null,
              "duration": 7802,
              "state": "passed",
              "speed": "medium",
              "pass": true,
              "fail": false,
              "pending": false,
              "context": null,
              "code": "// Validate that the ReconXi logo (a link to \"/\") is visible and contains the logo SVG and text.\ncy.get('a[href=\"/\"]').should('be.visible').within(() => {\n  cy.get('svg').should('be.visible');\n  cy.contains('ReconXi').should('be.visible');\n});",
              "err": {},
              "uuid": "2a12e32f-107e-4bbc-8662-81660eab24d8",
              "parentUUID": "5baed88b-b436-4783-824a-8f1af1a59d97",
              "isHook": false,
              "skipped": false
            },
            {
              "title": "should check for profile icon",
              "fullTitle": "File Upload Authorized Page Validation: validate UI implementation should check for profile icon",
              "timedOut": null,
              "duration": 8685,
              "state": "passed",
              "speed": "medium",
              "pass": true,
              "fail": false,
              "pending": false,
              "context": null,
              "code": "cy.get('[data-slot=\"dropdown-menu-trigger\"]').should('be.visible').first().within(() => {\n  // Check either profile image or initial letter is visible\n  cy.get('.rounded-full').should('be.visible')\n  // If no image exists, verify first letter of username\n  .then($el => {\n    if ($el.find('img').length === 0) {\n      // Replace 'T' with first letter of expected username\n      cy.wrap($el).should('contain.text', 'L');\n    }\n  });\n  // Validate dropdown chevron\n  cy.get('svg.lucide-chevron-down').should('be.visible');\n});",
              "err": {},
              "uuid": "9a874908-0093-42f0-83ba-9274891050fe",
              "parentUUID": "5baed88b-b436-4783-824a-8f1af1a59d97",
              "isHook": false,
              "skipped": false
            },
            {
              "title": "should check for profile icon with dynamic user initial using session token",
              "fullTitle": "File Upload Authorized Page Validation: validate UI implementation should check for profile icon with dynamic user initial using session token",
              "timedOut": null,
              "duration": 11857,
              "state": "passed",
              "speed": "slow",
              "pass": true,
              "fail": false,
              "pending": false,
              "context": null,
              "code": "// Get the session token from the cookie\ncy.getCookie('next-auth.session-token').should('exist').then(cookie => {\n  // Use the cookie value as your token (prepend \"Bearer \" if needed)\n  const sessionToken = cookie.value;\n  const authHeader = sessionToken.startsWith('Bearer ') ? sessionToken : `Bearer ${sessionToken}`;\n  // Use the session token in the API request to get the user details\n  cy.request({\n    method: 'GET',\n    url: 'https://api-dev.reconxi.com/api/v1/user',\n    headers: {\n      Authorization: authHeader\n    }\n  }).then(response => {\n    const userName = response.body.data.user.name;\n    const firstLetter = userName.charAt(0).toUpperCase();\n    cy.get('[data-slot=\"dropdown-menu-trigger\"]').should('be.visible').first().within(() => {\n      cy.get('.rounded-full').should('be.visible').then($el => {\n        if ($el.find('img').length === 0) {\n          cy.wrap($el).should('contain.text', firstLetter);\n        }\n      });\n      cy.get('svg.lucide-chevron-down').should('be.visible');\n    });\n  });\n});",
              "err": {},
              "uuid": "40b45a82-4514-4bbb-ab12-297c996fe05d",
              "parentUUID": "5baed88b-b436-4783-824a-8f1af1a59d97",
              "isHook": false,
              "skipped": false
            }
          ],
          "suites": [],
          "passes": [
            "79104692-8476-49ed-931e-8c99258deeb5",
            "0b7b423b-622b-44f1-9f3b-2b7d913b9611",
            "768074b9-a696-4b88-ac3c-e3e9ad0558bb",
            "059fd97f-60f0-44fc-9fdd-254ed2671484",
            "2a12e32f-107e-4bbc-8662-81660eab24d8",
            "9a874908-0093-42f0-83ba-9274891050fe",
            "40b45a82-4514-4bbb-ab12-297c996fe05d"
          ],
          "failures": [],
          "pending": [],
          "skipped": [],
          "duration": 61355,
          "root": false,
          "rootEmpty": false,
          "_timeout": 2000
        },
        {
          "uuid": "1f22fbb2-79dd-4e6c-af63-6032852253f1",
          "title": "File Upload Unauthorized Page Validation: validate UI implementation",
          "fullFile": "",
          "file": "",
          "beforeHooks": [],
          "afterHooks": [],
          "tests": [
            {
              "title": "should redirect unauthorized users to the unauthorized page",
              "fullTitle": "File Upload Unauthorized Page Validation: validate UI implementation should redirect unauthorized users to the unauthorized page",
              "timedOut": null,
              "duration": 3470,
              "state": "passed",
              "speed": "fast",
              "pass": true,
              "fail": false,
              "pending": false,
              "context": null,
              "code": "// Attempt to visit the file upload page without logging in\ncy.visit('/file-upload', {\n  failOnStatusCode: false\n});\n// Verify that the unauthorized page is displayed\ncy.get('.w-fit.mx-auto.my-32.flex.flex-col.items-center.gap-4').should('be.visible').within(() => {\n  cy.contains('OOPS!').should('be.visible');\n  cy.contains('UNAUTHORIZED').should('be.visible');\n  cy.contains('a', 'Go Back').should('be.visible');\n});\n// Verify the presence of the ReconXi logo\ncy.get('a[href=\"/\"]').should('be.visible').first().within(() => {\n  cy.get('svg').should('be.visible'); // Assuming the logo is an SVG\n  cy.contains('ReconXi').should('be.visible');\n});\n// Verify the presence of the \"Login\" and \"Sign up\" buttons\ncy.get('button').contains('Login').should('be.visible');\ncy.get('button').contains('Sign up').should('be.visible');",
              "err": {},
              "uuid": "c22a9707-0d23-4944-a7f1-637e168566fb",
              "parentUUID": "1f22fbb2-79dd-4e6c-af63-6032852253f1",
              "isHook": false,
              "skipped": false
            }
          ],
          "suites": [],
          "passes": [
            "c22a9707-0d23-4944-a7f1-637e168566fb"
          ],
          "failures": [],
          "pending": [],
          "skipped": [],
          "duration": 3470,
          "root": false,
          "rootEmpty": false,
          "_timeout": 2000
        }
      ],
      "passes": [],
      "failures": [],
      "pending": [],
      "skipped": [],
      "duration": 0,
      "root": true,
      "rootEmpty": true,
      "_timeout": 2000
    }
  ],
  "meta": {
    "mocha": {
      "version": "7.0.1"
    },
    "mochawesome": {
      "options": {
        "quiet": false,
        "reportFilename": "mochawesome",
        "saveHtml": false,
        "saveJson": true,
        "consoleReporter": "spec",
        "useInlineDiffs": false,
        "code": true
      },
      "version": "7.1.3"
    },
    "marge": {
      "options": {
        "reportDir": "cypress/reports",
        "overwrite": false,
        "html": false,
        "json": true
      },
      "version": "6.2.0"
    }
  }
}