{
  "stats": {
    "suites": 1,
    "tests": 1,
    "passes": 0,
    "pending": 0,
    "failures": 1,
    "start": "2025-03-29T10:51:33.311Z",
    "end": "2025-03-29T10:51:33.632Z",
    "duration": 321,
    "testsRegistered": 1,
    "passPercent": 0,
    "pendingPercent": 0,
    "other": 0,
    "hasOther": false,
    "skipped": 0,
    "hasSkipped": false
  },
  "results": [
    {
      "uuid": "a62fd099-3200-4b19-aa4a-bd0b8a0cddee",
      "title": "",
      "fullFile": "cypress/e2e/authentication.cy.js",
      "file": "cypress/e2e/authentication.cy.js",
      "beforeHooks": [],
      "afterHooks": [],
      "tests": [],
      "suites": [
        {
          "uuid": "7bbde002-bb81-4cab-bba7-ff211e1e946c",
          "title": "Authentication Flow",
          "fullFile": "",
          "file": "",
          "beforeHooks": [],
          "afterHooks": [],
          "tests": [
            {
              "title": "should login via Google using",
              "fullTitle": "Authentication Flow should login via Google using",
              "timedOut": null,
              "duration": 283,
              "state": "failed",
              "speed": null,
              "pass": false,
              "fail": true,
              "pending": false,
              "context": null,
              "code": "// // Open specific auth modal\n// cy.get(selector).click()\n// Verify correct modal content\ncy.get('[role=\"dialog\"][data-state=\"open\"]').within(() => {\n  cy.contains('p', 'Use your Google account to get started quickly').should('be.visible');\n  cy.contains('button', 'Continue with Google').should('be.visible');\n  // if (flowType === 'login') {\n  //   cy.contains('h3', 'Welcome Back!').should('be.visible')\n  //   cy.contains('button', 'Login with Google').should('be.visible')\n  // } else {\n  //   cy.contains('p', 'Use your Google account to get started quickly').should('be.visible')\n  //   cy.contains('button', 'Continue with Google').should('be.visible')\n  // }\n});\n// Complete login\ncy.googleLogin();\ncy.url().should('include', '/dashboard');\ncy.get('[aria-label=\"User menu\"]').should('be.visible');",
              "err": {
                "message": "TypeError: cy.googleLogin is not a function\n\nThis error occurred while creating the session. Because the session setup failed, we failed the test.\n\nBecause this error occurred during a `before each` hook we are skipping the remaining tests in the current suite: `Authentication Flow`",
                "estack": "TypeError: cy.googleLogin is not a function\n\nThis error occurred while creating the session. Because the session setup failed, we failed the test.\n\nBecause this error occurred during a `before each` hook we are skipping the remaining tests in the current suite: `Authentication Flow`\n    at Object.eval [as setup] (webpack://cypress-tests/./cypress/e2e/authentication.cy.js:11:9)\n    at Context.<anonymous> (https://reconxi.com/__cypress/runner/cypress_runner.js:134964:38)\n    at getRet (https://reconxi.com/__cypress/runner/cypress_runner.js:119371:20)\n    at tryCatcher (https://reconxi.com/__cypress/runner/cypress_runner.js:1777:23)\n    at Promise.attempt.Promise.try (https://reconxi.com/__cypress/runner/cypress_runner.js:4285:29)\n    at Context.thenFn (https://reconxi.com/__cypress/runner/cypress_runner.js:119382:66)\n    at Context.then (https://reconxi.com/__cypress/runner/cypress_runner.js:119633:21)\n    at wrapped (https://reconxi.com/__cypress/runner/cypress_runner.js:139910:19)\n    at <unknown> (https://reconxi.com/__cypress/runner/cypress_runner.js:145855:15)",
                "diff": null
              },
              "uuid": "dd0ee355-3b3e-49d1-bef1-f358c71017e3",
              "parentUUID": "7bbde002-bb81-4cab-bba7-ff211e1e946c",
              "isHook": false,
              "skipped": false
            }
          ],
          "suites": [],
          "passes": [],
          "failures": [
            "dd0ee355-3b3e-49d1-bef1-f358c71017e3"
          ],
          "pending": [],
          "skipped": [],
          "duration": 283,
          "root": false,
          "rootEmpty": false,
          "_timeout": 2000
        }
      ],
      "passes": [],
      "failures": [],
      "pending": [],
      "skipped": [],
      "duration": 0,
      "root": true,
      "rootEmpty": true,
      "_timeout": 2000
    }
  ],
  "meta": {
    "mocha": {
      "version": "7.0.1"
    },
    "mochawesome": {
      "options": {
        "quiet": false,
        "reportFilename": "mochawesome",
        "saveHtml": true,
        "saveJson": true,
        "consoleReporter": "spec",
        "useInlineDiffs": false,
        "code": true
      },
      "version": "7.1.3"
    },
    "marge": {
      "options": {
        "reportDir": "cypress/reports",
        "overwrite": false,
        "html": true,
        "json": true
      },
      "version": "6.2.0"
    }
  }
}