{
  "stats": {
    "suites": 1,
    "tests": 6,
    "passes": 2,
    "pending": 0,
    "failures": 4,
    "start": "2025-03-30T14:46:23.306Z",
    "end": "2025-03-30T14:47:25.564Z",
    "duration": 62258,
    "testsRegistered": 6,
    "passPercent": 33.33333333333333,
    "pendingPercent": 0,
    "other": 0,
    "hasOther": false,
    "skipped": 0,
    "hasSkipped": false
  },
  "results": [
    {
      "uuid": "700fcd0b-5f8d-49aa-9b28-082927ebd508",
      "title": "",
      "fullFile": "cypress/e2e/Files Upload_And Reconcilation/file-upload-and-reconcilation-functional-test.cy.js",
      "file": "cypress/e2e/Files Upload_And Reconcilation/file-upload-and-reconcilation-functional-test.cy.js",
      "beforeHooks": [],
      "afterHooks": [],
      "tests": [],
      "suites": [
        {
          "uuid": "bf83660a-9c0b-4105-aee6-311baa6054eb",
          "title": "File Upload Page Validation",
          "fullFile": "",
          "file": "",
          "beforeHooks": [],
          "afterHooks": [],
          "tests": [
            {
              "title": "should handle valid file uploads",
              "fullTitle": "File Upload Page Validation should handle valid file uploads",
              "timedOut": null,
              "duration": 7388,
              "state": "passed",
              "speed": "medium",
              "pass": true,
              "fail": false,
              "pending": false,
              "context": null,
              "code": "// Bank Statement upload\ncy.contains('Upload Bank Statement').next() // gets the upload zone div following the h2\n.find('input[type=\"file\"]').selectFile(`cypress/fixtures/testFiles/${testFiles.validBankCSV}`, {\n  force: true\n});\n// Company Ledger upload\ncy.contains('Upload Company Ledger').next()\n// .parent() // Navigate to the parent div\n.find('input[type=\"file\"]').selectFile(`cypress/fixtures/testFiles/${testFiles.validCompanyCSV}`, {\n  force: true\n});\n// Initially, the button is disabled\ncy.contains('button', 'Reconcile').should('exist').and('be.disabled');\n// Confirm the \"Reconcile\" button is enabled After All Files Are Uploaded\ncy.contains('button', 'Reconcile').should('not.be.disabled').click(); // Proceed to click the button if it's enabled",
              "err": {},
              "uuid": "0858f118-0066-4567-b54e-6f809c70a34c",
              "parentUUID": "bf83660a-9c0b-4105-aee6-311baa6054eb",
              "isHook": false,
              "skipped": false
            },
            {
              "title": "Should show error response for invalid file types",
              "fullTitle": "File Upload Page Validation Should show error response for invalid file types",
              "timedOut": null,
              "duration": 11838,
              "state": "failed",
              "speed": null,
              "pass": false,
              "fail": true,
              "pending": false,
              "context": null,
              "code": "cy.contains('Upload Bank Statement').next() // gets the upload zone div following the h2\n.find('input[type=\"file\"]').selectFile(`cypress/fixtures/testFiles/${testFiles.invalidStatement}`, {\n  force: true\n});\n// toast alert notifications container \ncy.window().then(win => {\n  const toastContainer = win.document.querySelector('section[aria-label=\"Notifications alt+T\"]');\n  const toast = win.document.createElement('div');\n  toast.className = 'text-red-600';\n  toast.innerText = 'Invalid file type';\n  toastContainer.appendChild(toast);\n});\n// test for toast existense\ncy.get('section[aria-label=\"Notifications alt+T\"]', {\n  timeout: 10000\n}).should('contain.text', 'Invalid file type');\ncy.get('[data-testid=\"reconcile-button\"]').should('be.disabled');",
              "err": {
                "message": "AssertionError: Timed out retrying after 4000ms: Expected to find element: `[data-testid=\"reconcile-button\"]`, but never found it.",
                "estack": "AssertionError: Timed out retrying after 4000ms: Expected to find element: `[data-testid=\"reconcile-button\"]`, but never found it.\n    at Context.eval (webpack://cypress-tests/./cypress/e2e/Files Upload_And Reconcilation/file-upload-and-reconcilation-functional-test.cy.js:77:49)",
                "diff": null
              },
              "uuid": "b2663ee8-b394-4ad9-8eef-efa55feb17b4",
              "parentUUID": "bf83660a-9c0b-4105-aee6-311baa6054eb",
              "isHook": false,
              "skipped": false
            },
            {
              "title": "Should display error message for large file uploads",
              "fullTitle": "File Upload Page Validation Should display error message for large file uploads",
              "timedOut": null,
              "duration": 11080,
              "state": "failed",
              "speed": null,
              "pass": false,
              "fail": true,
              "pending": false,
              "context": null,
              "code": "cy.get('section[aria-label=\"Notifications alt+T\"]').contains('File Size Exeeded').should('be.visible');",
              "err": {
                "message": "AssertionError: Timed out retrying after 4000ms: Expected to find content: 'File Size Exeeded' within the element: <section> but never did.",
                "estack": "AssertionError: Timed out retrying after 4000ms: Expected to find content: 'File Size Exeeded' within the element: <section> but never did.\n    at Context.eval (webpack://cypress-tests/./cypress/e2e/Files Upload_And Reconcilation/file-upload-and-reconcilation-functional-test.cy.js:86:9)",
                "diff": null
              },
              "uuid": "4d50b323-c92e-4f26-ae67-2d13dceb7f35",
              "parentUUID": "bf83660a-9c0b-4105-aee6-311baa6054eb",
              "isHook": false,
              "skipped": false
            },
            {
              "title": "should maintain button state until both files are uploaded",
              "fullTitle": "File Upload Page Validation should maintain button state until both files are uploaded",
              "timedOut": null,
              "duration": 7562,
              "state": "passed",
              "speed": "medium",
              "pass": true,
              "fail": false,
              "pending": false,
              "context": null,
              "code": "// Initially, the button is disabled\ncy.contains('button', 'Reconcile').should('exist').and('be.disabled');\n// Bank Statement upload\ncy.contains('Upload Bank Statement').next() // gets the upload zone div following the h2\n.find('input[type=\"file\"]').selectFile(`cypress/fixtures/testFiles/${testFiles.validBankCSV}`, {\n  force: true\n});\n// Company Ledger upload\ncy.contains('Upload Company Ledger').next()\n// .parent() // Navigate to the parent div\n.find('input[type=\"file\"]').selectFile(`cypress/fixtures/testFiles/${testFiles.validCompanyCSV}`, {\n  force: true\n});\n// Confirm the \"Reconcile\" button is enabled After All Files Are Uploaded\ncy.contains('button', 'Reconcile').should('not.be.disabled').click(); // Proceed to click the button if it's enabled",
              "err": {},
              "uuid": "8b9f7d0d-5252-4525-82bc-4d57e0de5313",
              "parentUUID": "bf83660a-9c0b-4105-aee6-311baa6054eb",
              "isHook": false,
              "skipped": false
            },
            {
              "title": "should validate Reconcile button states",
              "fullTitle": "File Upload Page Validation should validate Reconcile button states",
              "timedOut": null,
              "duration": 12474,
              "state": "failed",
              "speed": null,
              "pass": false,
              "fail": true,
              "pending": false,
              "context": null,
              "code": "// Initial state - disabled\ncy.contains('button', 'Reconcile').should('be.visible').and('have.attr', 'disabled').and('have.css', 'background-color', 'rgba(46, 96, 74, 0.5)'); // Disabled opacity\n// Upload one valid file\ncy.get('[aria-label=\"Bank upload zone\"] input[type=\"file\"]').selectFile(`cypress/fixtures/${testFiles.validCSV}`, {\n  force: true\n});\ncy.contains('button', 'Reconcile').should('have.attr', 'disabled').and('have.css', 'background-color', 'rgba(46, 96, 74, 0.5)');\n// Upload second valid file\ncy.get('[aria-label=\"Ledger upload zone\"] input[type=\"file\"]').selectFile(`cypress/fixtures/${testFiles.validCSV}`, {\n  force: true\n});\n// Enabled state\ncy.contains('button', 'Reconcile').should('not.have.attr', 'disabled').and('have.css', 'background-color', 'rgb(46, 96, 74)') // Full opacity\n.and('have.css', 'cursor', 'pointer');\n// After reconciliation\ncy.intercept('POST', '/api/v1/reconcile-embeddings', {\n  statusCode: 200,\n  body: {\n    reconciliationId: 'eca6f7b2-6e74-4936-8a03-11064af86619'\n  }\n}).as('reconcileRequest');\ncy.contains('button', 'Reconcile').click();\ncy.wait('@reconcileRequest');\n// Verify button resets to disabled\ncy.contains('button', 'Reconcile').should('have.attr', 'disabled').and('have.css', 'background-color', 'rgba(46, 96, 74, 0.5)');",
              "err": {
                "message": "CypressError: Timed out retrying after 4000ms: You attempted to make a chai-jQuery assertion on an object that is neither a DOM object or a jQuery object.\n\nThe chai-jQuery assertion you used was:\n\n  > css\n\nThe invalid subject you asserted on was:\n\n  > disabled\n\nTo use chai-jQuery assertions your subject must be valid.\n\nThis can sometimes happen if a previous assertion changed the subject.",
                "estack": "CypressError: Timed out retrying after 4000ms: You attempted to make a chai-jQuery assertion on an object that is neither a DOM object or a jQuery object.\n\nThe chai-jQuery assertion you used was:\n\n  > css\n\nThe invalid subject you asserted on was:\n\n  > disabled\n\nTo use chai-jQuery assertions your subject must be valid.\n\nThis can sometimes happen if a previous assertion changed the subject.\n    at Object.onInvalid (https://reconxi.com/__cypress/runner/cypress_runner.js:140587:68)\n    at assertDom (https://reconxi.com/__cypress/runner/cypress_runner.js:141262:26)\n    at Proxy.<anonymous> (https://reconxi.com/__cypress/runner/cypress_runner.js:141367:7)\n    at Proxy.methodWrapper (https://reconxi.com/__cypress/runner/cypress_runner.js:78779:25)\n    at applyChainer (https://reconxi.com/__cypress/runner/cypress_runner.js:118880:26)\n    at <unknown> (https://reconxi.com/__cypress/runner/cypress_runner.js:118933:16)\n    at arrayReduce (https://reconxi.com/__cypress/runner/cypress_runner.js:18675:21)\n    at Function.reduce (https://reconxi.com/__cypress/runner/cypress_runner.js:27727:14)\n    at applyChainers (https://reconxi.com/__cypress/runner/cypress_runner.js:118911:68)\n    at tryCatcher (https://reconxi.com/__cypress/runner/cypress_runner.js:1777:23)\n    at Promise.attempt.Promise.try (https://reconxi.com/__cypress/runner/cypress_runner.js:4285:29)\n    at Context.shouldFn (https://reconxi.com/__cypress/runner/cypress_runner.js:118937:66)\n    at Context.and (https://reconxi.com/__cypress/runner/cypress_runner.js:118959:23)\n    at <unknown> (https://reconxi.com/__cypress/runner/cypress_runner.js:144836:39)\n    at assertions (https://reconxi.com/__cypress/runner/cypress_runner.js:145084:16)\n    at tryCatcher (https://reconxi.com/__cypress/runner/cypress_runner.js:1777:23)\n    at Object.gotValue (https://reconxi.com/__cypress/runner/cypress_runner.js:6448:18)\n    at Object.gotAccum (https://reconxi.com/__cypress/runner/cypress_runner.js:6435:25)\n    at Object.tryCatcher (https://reconxi.com/__cypress/runner/cypress_runner.js:1777:23)\n    at Promise._settlePromiseFromHandler (https://reconxi.com/__cypress/runner/cypress_runner.js:1489:31)\n    at Promise._settlePromise (https://reconxi.com/__cypress/runner/cypress_runner.js:1546:18)\n    at Promise._settlePromise0 (https://reconxi.com/__cypress/runner/cypress_runner.js:1591:10)\nFrom Your Spec Code:\n    at Context.eval (webpack://cypress-tests/./cypress/e2e/Files Upload_And Reconcilation/file-upload-and-reconcilation-functional-test.cy.js:126:11)",
                "diff": null
              },
              "uuid": "07a8a21f-f212-45b6-b807-a4e7aa8ec3da",
              "parentUUID": "bf83660a-9c0b-4105-aee6-311baa6054eb",
              "isHook": false,
              "skipped": false
            },
            {
              "title": "should show loading state during reconciliation",
              "fullTitle": "File Upload Page Validation should show loading state during reconciliation",
              "timedOut": null,
              "duration": 11540,
              "state": "failed",
              "speed": null,
              "pass": false,
              "fail": true,
              "pending": false,
              "context": null,
              "code": "// Upload valid files\ncy.get('[aria-label=\"Bank upload zone\"] input[type=\"file\"]').selectFile(`cypress/fixtures/${testFiles.validCSV}`, {\n  force: true\n});\ncy.get('[aria-label=\"Ledger upload zone\"] input[type=\"file\"]').selectFile(`cypress/fixtures/${testFiles.validCSV}`, {\n  force: true\n});\n// Mock slow API response\ncy.intercept('POST', '/api/v1/reconcile-embeddings', req => {\n  req.reply({\n    delay: 2000,\n    statusCode: 200,\n    body: {\n      reconciliationId: 'eca6f7b2-6e74-4936-8a03-11064af86619'\n    }\n  });\n}).as('slowReconcile');\ncy.contains('button', 'Reconcile').click();\n// Verify loading state\ncy.contains('button', 'Reconcile').should('have.attr', 'disabled').and('contain', 'Processing...').and('have.css', 'cursor', 'not-allowed');\ncy.wait('@slowReconcile');",
              "err": {
                "message": "AssertionError: Timed out retrying after 4000ms: Expected to find element: `[aria-label=\"Bank upload zone\"] input[type=\"file\"]`, but never found it.",
                "estack": "AssertionError: Timed out retrying after 4000ms: Expected to find element: `[aria-label=\"Bank upload zone\"] input[type=\"file\"]`, but never found it.\n    at Context.eval (webpack://cypress-tests/./cypress/e2e/Files Upload_And Reconcilation/file-upload-and-reconcilation-functional-test.cy.js:164:11)",
                "diff": null
              },
              "uuid": "6072a2f9-134a-4cf3-af61-8ecada0be67d",
              "parentUUID": "bf83660a-9c0b-4105-aee6-311baa6054eb",
              "isHook": false,
              "skipped": false
            }
          ],
          "suites": [],
          "passes": [
            "0858f118-0066-4567-b54e-6f809c70a34c",
            "8b9f7d0d-5252-4525-82bc-4d57e0de5313"
          ],
          "failures": [
            "b2663ee8-b394-4ad9-8eef-efa55feb17b4",
            "4d50b323-c92e-4f26-ae67-2d13dceb7f35",
            "07a8a21f-f212-45b6-b807-a4e7aa8ec3da",
            "6072a2f9-134a-4cf3-af61-8ecada0be67d"
          ],
          "pending": [],
          "skipped": [],
          "duration": 61882,
          "root": false,
          "rootEmpty": false,
          "_timeout": 2000
        }
      ],
      "passes": [],
      "failures": [],
      "pending": [],
      "skipped": [],
      "duration": 0,
      "root": true,
      "rootEmpty": true,
      "_timeout": 2000
    }
  ],
  "meta": {
    "mocha": {
      "version": "7.0.1"
    },
    "mochawesome": {
      "options": {
        "quiet": false,
        "reportFilename": "mochawesome",
        "saveHtml": false,
        "saveJson": true,
        "consoleReporter": "spec",
        "useInlineDiffs": false,
        "code": true
      },
      "version": "7.1.3"
    },
    "marge": {
      "options": {
        "reportDir": "cypress/reports",
        "overwrite": false,
        "html": false,
        "json": true
      },
      "version": "6.2.0"
    }
  }
}