{
  "stats": {
    "suites": 1,
    "tests": 1,
    "passes": 1,
    "pending": 0,
    "failures": 0,
    "start": "2025-03-30T14:45:32.950Z",
    "end": "2025-03-30T14:45:39.080Z",
    "duration": 6130,
    "testsRegistered": 1,
    "passPercent": 100,
    "pendingPercent": 0,
    "other": 0,
    "hasOther": false,
    "skipped": 0,
    "hasSkipped": false
  },
  "results": [
    {
      "uuid": "9488e4bf-f162-4107-aa45-05a760621c0f",
      "title": "",
      "fullFile": "cypress/e2e/testing-cypress-with-home.cy.js",
      "file": "cypress/e2e/testing-cypress-with-home.cy.js",
      "beforeHooks": [],
      "afterHooks": [],
      "tests": [],
      "suites": [
        {
          "uuid": "3e9bf44d-ad86-474a-b63c-1785710dfebc",
          "title": "Homepage Test",
          "fullFile": "",
          "file": "",
          "beforeHooks": [],
          "afterHooks": [],
          "tests": [
            {
              "title": "Visits the homepage and checks the title",
              "fullTitle": "Homepage Test Visits the homepage and checks the title",
              "timedOut": null,
              "duration": 6024,
              "state": "passed",
              "speed": "medium",
              "pass": true,
              "fail": false,
              "pending": false,
              "context": null,
              "code": "cy.visit('/');\ncy.title().should('include', 'ReconXi - AI-Powered Financial Reconciliation');",
              "err": {},
              "uuid": "905dec09-11e1-42ca-9b62-c38040851ff1",
              "parentUUID": "3e9bf44d-ad86-474a-b63c-1785710dfebc",
              "isHook": false,
              "skipped": false
            }
          ],
          "suites": [],
          "passes": [
            "905dec09-11e1-42ca-9b62-c38040851ff1"
          ],
          "failures": [],
          "pending": [],
          "skipped": [],
          "duration": 6024,
          "root": false,
          "rootEmpty": false,
          "_timeout": 2000
        }
      ],
      "passes": [],
      "failures": [],
      "pending": [],
      "skipped": [],
      "duration": 0,
      "root": true,
      "rootEmpty": true,
      "_timeout": 2000
    }
  ],
  "meta": {
    "mocha": {
      "version": "7.0.1"
    },
    "mochawesome": {
      "options": {
        "quiet": false,
        "reportFilename": "mochawesome",
        "saveHtml": false,
        "saveJson": true,
        "consoleReporter": "spec",
        "useInlineDiffs": false,
        "code": true
      },
      "version": "7.1.3"
    },
    "marge": {
      "options": {
        "reportDir": "cypress/reports",
        "overwrite": false,
        "html": false,
        "json": true
      },
      "version": "6.2.0"
    }
  }
}