{
  "stats": {
    "suites": 1,
    "tests": 1,
    "passes": 0,
    "pending": 0,
    "failures": 1,
    "start": "2025-03-29T10:53:03.268Z",
    "end": "2025-03-29T10:53:09.277Z",
    "duration": 6009,
    "testsRegistered": 1,
    "passPercent": 0,
    "pendingPercent": 0,
    "other": 0,
    "hasOther": false,
    "skipped": 0,
    "hasSkipped": false
  },
  "results": [
    {
      "uuid": "54ce1051-3f78-4c55-99d4-288c386c076a",
      "title": "",
      "fullFile": "cypress/e2e/logout.cy.js",
      "file": "cypress/e2e/logout.cy.js",
      "beforeHooks": [],
      "afterHooks": [],
      "tests": [],
      "suites": [
        {
          "uuid": "2ce05973-8db7-4a63-ad9d-32886af30961",
          "title": "Login and Logout Flow",
          "fullFile": "",
          "file": "",
          "beforeHooks": [],
          "afterHooks": [],
          "tests": [
            {
              "title": "should handle logout successfully",
              "fullTitle": "Login and Logout Flow should handle logout successfully",
              "timedOut": null,
              "duration": 5945,
              "state": "failed",
              "speed": null,
              "pass": false,
              "fail": true,
              "pending": false,
              "context": null,
              "code": "cy.visit('/dashboard');\n// Use custom logout command\ncy.logout().then(() => {\n  // Verify logout feedback\n  cy.get('[role=\"alert\"]', {\n    timeout: 5000\n  }).should('be.visible').and('contain.text', 'Log out successfully');\n  // Verify auth buttons reappear\n  cy.get(authButtons.getStarted).should('be.visible');\n  cy.get(authButtons.login).should('be.visible');\n  cy.get(authButtons.signup).should('be.visible');\n});",
              "err": {
                "message": "TypeError: cy.logout is not a function",
                "estack": "TypeError: cy.logout is not a function\n    at Context.eval (webpack://cypress-tests/./cypress/e2e/logout.cy.js:10:9)\n    at runnable.fn (https://reconxi.com/__cypress/runner/cypress_runner.js:140177:19)\n    at callFn (https://reconxi.com/__cypress/runner/cypress_runner.js:158777:21)\n    at Runnable.run (https://reconxi.com/__cypress/runner/cypress_runner.js:158764:7)\n    at <unknown> (https://reconxi.com/__cypress/runner/cypress_runner.js:164697:30)\n    at PassThroughHandlerContext.finallyHandler (https://reconxi.com/__cypress/runner/cypress_runner.js:4042:23)\n    at PassThroughHandlerContext.tryCatcher (https://reconxi.com/__cypress/runner/cypress_runner.js:1777:23)\n    at Promise._settlePromiseFromHandler (https://reconxi.com/__cypress/runner/cypress_runner.js:1489:31)\n    at Promise._settlePromise (https://reconxi.com/__cypress/runner/cypress_runner.js:1546:18)",
                "diff": null
              },
              "uuid": "53c47841-60c0-4943-b64a-0932a430c37b",
              "parentUUID": "2ce05973-8db7-4a63-ad9d-32886af30961",
              "isHook": false,
              "skipped": false
            }
          ],
          "suites": [],
          "passes": [],
          "failures": [
            "53c47841-60c0-4943-b64a-0932a430c37b"
          ],
          "pending": [],
          "skipped": [],
          "duration": 5945,
          "root": false,
          "rootEmpty": false,
          "_timeout": 2000
        }
      ],
      "passes": [],
      "failures": [],
      "pending": [],
      "skipped": [],
      "duration": 0,
      "root": true,
      "rootEmpty": true,
      "_timeout": 2000
    }
  ],
  "meta": {
    "mocha": {
      "version": "7.0.1"
    },
    "mochawesome": {
      "options": {
        "quiet": false,
        "reportFilename": "mochawesome",
        "saveHtml": true,
        "saveJson": true,
        "consoleReporter": "spec",
        "useInlineDiffs": false,
        "code": true
      },
      "version": "7.1.3"
    },
    "marge": {
      "options": {
        "reportDir": "cypress/reports",
        "overwrite": false,
        "html": true,
        "json": true
      },
      "version": "6.2.0"
    }
  }
}