{
  "stats": {
    "suites": 2,
    "tests": 2,
    "passes": 1,
    "pending": 0,
    "failures": 1,
    "start": "2025-03-29T10:53:26.064Z",
    "end": "2025-03-29T10:53:40.004Z",
    "duration": 13940,
    "testsRegistered": 2,
    "passPercent": 50,
    "pendingPercent": 0,
    "other": 0,
    "hasOther": false,
    "skipped": 0,
    "hasSkipped": false
  },
  "results": [
    {
      "uuid": "6cb024d1-fe76-4dbe-9886-61212b9f9dd3",
      "title": "",
      "fullFile": "cypress/e2e/testing-cypress-with-home.cy.js",
      "file": "cypress/e2e/testing-cypress-with-home.cy.js",
      "beforeHooks": [],
      "afterHooks": [],
      "tests": [],
      "suites": [
        {
          "uuid": "381b32d9-ab4d-408e-b84e-45f6e1d680dc",
          "title": "Homepage Test",
          "fullFile": "",
          "file": "",
          "beforeHooks": [],
          "afterHooks": [],
          "tests": [
            {
              "title": "Visits the homepage and checks the title",
              "fullTitle": "Homepage Test Visits the homepage and checks the title",
              "timedOut": null,
              "duration": 5251,
              "state": "passed",
              "speed": "medium",
              "pass": true,
              "fail": false,
              "pending": false,
              "context": null,
              "code": "cy.visit('https://reconxi.com');\ncy.title().should('include', 'ReconXi - AI-Powered Financial Reconciliation');",
              "err": {},
              "uuid": "13578809-e119-4b67-b3c7-88835ad6a326",
              "parentUUID": "381b32d9-ab4d-408e-b84e-45f6e1d680dc",
              "isHook": false,
              "skipped": false
            }
          ],
          "suites": [],
          "passes": [
            "13578809-e119-4b67-b3c7-88835ad6a326"
          ],
          "failures": [],
          "pending": [],
          "skipped": [],
          "duration": 5251,
          "root": false,
          "rootEmpty": false,
          "_timeout": 2000
        },
        {
          "uuid": "62e9f4b8-aeb3-4e88-b435-f7b59499d73a",
          "title": "Homepage Authentication Flow",
          "fullFile": "",
          "file": "",
          "beforeHooks": [],
          "afterHooks": [],
          "tests": [
            {
              "title": "should verify all auth buttons work correctly",
              "fullTitle": "Homepage Authentication Flow should verify all auth buttons work correctly",
              "timedOut": null,
              "duration": 8562,
              "state": "failed",
              "speed": null,
              "pass": false,
              "fail": true,
              "pending": false,
              "context": null,
              "code": "cy.visit('https://reconxi.com');\n// Test Get Started button\ncy.get('[aria-label=\"Get Started For Free\"]').should('be.visible').and('have.css', 'background-color', 'rgb(41, 123, 101)') // Verify button color\n.click();\ncy.get('[aria-label=\"Auth modal\"]').should('be.visible');\ncy.get('[aria-label=\"Close modal\"]').click();\n// Test Login button\ncy.get('[aria-label=\"Open login modal\"]').should('be.visible').and('have.css', 'border-color', 'rgb(46, 96, 74)') // Verify border color\n.click();\ncy.get('[aria-label=\"Auth modal\"]').should('be.visible');\ncy.get('[aria-label=\"Close modal\"]').click();\n// Test Signup button\ncy.get('[aria-label=\"Open signup modal\"]').should('be.visible').and('have.css', 'background-color', 'rgb(46, 96, 74)') // Verify bg color\n.click();\ncy.get('[aria-label=\"Auth modal\"]').should('be.visible');\ncy.get('[aria-label=\"Close modal\"]').click();",
              "err": {
                "message": "AssertionError: Timed out retrying after 4000ms: Expected to find element: `[aria-label=\"Auth modal\"]`, but never found it.",
                "estack": "AssertionError: Timed out retrying after 4000ms: Expected to find element: `[aria-label=\"Auth modal\"]`, but never found it.\n    at Context.eval (webpack://cypress-tests/./cypress/e2e/testing-cypress-with-home.cy.js:18:40)",
                "diff": null
              },
              "uuid": "a10de492-3ca6-4fc3-a85d-3fece63d9c0a",
              "parentUUID": "62e9f4b8-aeb3-4e88-b435-f7b59499d73a",
              "isHook": false,
              "skipped": false
            }
          ],
          "suites": [],
          "passes": [],
          "failures": [
            "a10de492-3ca6-4fc3-a85d-3fece63d9c0a"
          ],
          "pending": [],
          "skipped": [],
          "duration": 8562,
          "root": false,
          "rootEmpty": false,
          "_timeout": 2000
        }
      ],
      "passes": [],
      "failures": [],
      "pending": [],
      "skipped": [],
      "duration": 0,
      "root": true,
      "rootEmpty": true,
      "_timeout": 2000
    }
  ],
  "meta": {
    "mocha": {
      "version": "7.0.1"
    },
    "mochawesome": {
      "options": {
        "quiet": false,
        "reportFilename": "mochawesome",
        "saveHtml": true,
        "saveJson": true,
        "consoleReporter": "spec",
        "useInlineDiffs": false,
        "code": true
      },
      "version": "7.1.3"
    },
    "marge": {
      "options": {
        "reportDir": "cypress/reports",
        "overwrite": false,
        "html": true,
        "json": true
      },
      "version": "6.2.0"
    }
  }
}