{
  "stats": {
    "suites": 1,
    "tests": 1,
    "passes": 1,
    "pending": 0,
    "failures": 0,
    "start": "2025-03-29T10:53:11.586Z",
    "end": "2025-03-29T10:53:20.127Z",
    "duration": 8541,
    "testsRegistered": 1,
    "passPercent": 100,
    "pendingPercent": 0,
    "other": 0,
    "hasOther": false,
    "skipped": 0,
    "hasSkipped": false
  },
  "results": [
    {
      "uuid": "e7abc5d0-8e1a-48c4-ac76-d6f4324c553f",
      "title": "",
      "fullFile": "cypress/e2e/real-login.cy.js",
      "file": "cypress/e2e/real-login.cy.js",
      "beforeHooks": [],
      "afterHooks": [],
      "tests": [],
      "suites": [
        {
          "uuid": "edf02c3e-9e6b-4493-8f71-ccb10a8451e3",
          "title": "real google authentication",
          "fullFile": "",
          "file": "",
          "beforeHooks": [],
          "afterHooks": [],
          "tests": [
            {
              "title": "shows dashboard",
              "fullTitle": "real google authentication shows dashboard",
              "timedOut": null,
              "duration": 8449,
              "state": "passed",
              "speed": "medium",
              "pass": true,
              "fail": false,
              "pending": false,
              "context": null,
              "code": "// cy.contains('Get Started').should('be.visible')\ncy.visit('/dashboard');",
              "err": {},
              "uuid": "657b5252-937c-4309-8507-d7026443dbf6",
              "parentUUID": "edf02c3e-9e6b-4493-8f71-ccb10a8451e3",
              "isHook": false,
              "skipped": false
            }
          ],
          "suites": [],
          "passes": [
            "657b5252-937c-4309-8507-d7026443dbf6"
          ],
          "failures": [],
          "pending": [],
          "skipped": [],
          "duration": 8449,
          "root": false,
          "rootEmpty": false,
          "_timeout": 2000
        }
      ],
      "passes": [],
      "failures": [],
      "pending": [],
      "skipped": [],
      "duration": 0,
      "root": true,
      "rootEmpty": true,
      "_timeout": 2000
    }
  ],
  "meta": {
    "mocha": {
      "version": "7.0.1"
    },
    "mochawesome": {
      "options": {
        "quiet": false,
        "reportFilename": "mochawesome",
        "saveHtml": true,
        "saveJson": true,
        "consoleReporter": "spec",
        "useInlineDiffs": false,
        "code": true
      },
      "version": "7.1.3"
    },
    "marge": {
      "options": {
        "reportDir": "cypress/reports",
        "overwrite": false,
        "html": true,
        "json": true
      },
      "version": "6.2.0"
    }
  }
}