{
  "stats": {
    "suites": 2,
    "tests": 8,
    "passes": 8,
    "pending": 0,
    "failures": 0,
    "start": "2025-03-30T14:39:54.567Z",
    "end": "2025-03-30T14:40:54.537Z",
    "duration": 59970,
    "testsRegistered": 8,
    "passPercent": 100,
    "pendingPercent": 0,
    "other": 0,
    "hasOther": false,
    "skipped": 0,
    "hasSkipped": false
  },
  "results": [
    {
      "uuid": "4067109c-59b3-4473-8846-19cbfc6c7f9c",
      "title": "",
      "fullFile": "cypress/e2e/Files Upload_And Reconcilation/files-upload-and-reconcilation-ui-implementation.cy.js",
      "file": "cypress/e2e/Files Upload_And Reconcilation/files-upload-and-reconcilation-ui-implementation.cy.js",
      "beforeHooks": [],
      "afterHooks": [],
      "tests": [],
      "suites": [
        {
          "uuid": "506da592-aed8-433e-9cf5-ccf20b53f2c5",
          "title": "File Upload Authorized Page Validation: validate UI implementation",
          "fullFile": "",
          "file": "",
          "beforeHooks": [],
          "afterHooks": [],
          "tests": [
            {
              "title": "should validate main page elements",
              "fullTitle": "File Upload Authorized Page Validation: validate UI implementation should validate main page elements",
              "timedOut": null,
              "duration": 7291,
              "state": "passed",
              "speed": "medium",
              "pass": true,
              "fail": false,
              "pending": false,
              "context": null,
              "code": "cy.contains('h2', 'Upload Bank Statement').should('be.visible');\ncy.contains('h2', 'Upload Company Ledger').should('be.visible');",
              "err": {},
              "uuid": "54b700a1-da9c-4210-ba16-20a3e292afdb",
              "parentUUID": "506da592-aed8-433e-9cf5-ccf20b53f2c5",
              "isHook": false,
              "skipped": false
            },
            {
              "title": "should validate Bank Statement Section",
              "fullTitle": "File Upload Authorized Page Validation: validate UI implementation should validate Bank Statement Section",
              "timedOut": null,
              "duration": 7211,
              "state": "passed",
              "speed": "medium",
              "pass": true,
              "fail": false,
              "pending": false,
              "context": null,
              "code": "cy.get('div[role=\"presentation\"]').should('contain.text', 'Choose file').and('have.css', 'border-color', 'rgba(51, 51, 51, 0.5)');",
              "err": {},
              "uuid": "f41cf8ac-7fdb-42da-bda8-50dd19dce3de",
              "parentUUID": "506da592-aed8-433e-9cf5-ccf20b53f2c5",
              "isHook": false,
              "skipped": false
            },
            {
              "title": "should validate Company Ledger Section",
              "fullTitle": "File Upload Authorized Page Validation: validate UI implementation should validate Company Ledger Section",
              "timedOut": null,
              "duration": 7116,
              "state": "passed",
              "speed": "medium",
              "pass": true,
              "fail": false,
              "pending": false,
              "context": null,
              "code": "cy.contains('Upload Company Ledger').parent().find('div[role=\"presentation\"]').should('contain.text', 'Choose file').and('have.css', 'border-color', 'rgba(51, 51, 51, 0.5)');",
              "err": {},
              "uuid": "1ac360cd-5eb9-4e70-bebc-f266ce73f168",
              "parentUUID": "506da592-aed8-433e-9cf5-ccf20b53f2c5",
              "isHook": false,
              "skipped": false
            },
            {
              "title": "should validate format requirements : CSV",
              "fullTitle": "File Upload Authorized Page Validation: validate UI implementation should validate format requirements : CSV",
              "timedOut": null,
              "duration": 7487,
              "state": "passed",
              "speed": "medium",
              "pass": true,
              "fail": false,
              "pending": false,
              "context": null,
              "code": "cy.contains('Supported format: CSV').should('have.length', 1);\ncy.contains('Maximum size: 2MB').should('have.length', 1);",
              "err": {},
              "uuid": "e325bc01-c29a-4521-a1e3-a8d96082c068",
              "parentUUID": "506da592-aed8-433e-9cf5-ccf20b53f2c5",
              "isHook": false,
              "skipped": false
            },
            {
              "title": "should validate header elements for a logged in user",
              "fullTitle": "File Upload Authorized Page Validation: validate UI implementation should validate header elements for a logged in user",
              "timedOut": null,
              "duration": 6917,
              "state": "passed",
              "speed": "medium",
              "pass": true,
              "fail": false,
              "pending": false,
              "context": null,
              "code": "// Validate that the ReconXi logo (a link to \"/\") is visible and contains the logo SVG and text.\ncy.get('a[href=\"/\"]').should('be.visible').within(() => {\n  cy.get('svg').should('be.visible');\n  cy.contains('ReconXi').should('be.visible');\n});",
              "err": {},
              "uuid": "31963e15-512d-4296-a528-3b6bfdab8e21",
              "parentUUID": "506da592-aed8-433e-9cf5-ccf20b53f2c5",
              "isHook": false,
              "skipped": false
            },
            {
              "title": "should check for profile icon",
              "fullTitle": "File Upload Authorized Page Validation: validate UI implementation should check for profile icon",
              "timedOut": null,
              "duration": 10636,
              "state": "passed",
              "speed": "slow",
              "pass": true,
              "fail": false,
              "pending": false,
              "context": null,
              "code": "cy.get('[data-slot=\"dropdown-menu-trigger\"]').should('be.visible').first().within(() => {\n  // Check either profile image or initial letter is visible\n  cy.get('.rounded-full').should('be.visible')\n  // If no image exists, verify first letter of username\n  .then($el => {\n    if ($el.find('img').length === 0) {\n      // Replace 'T' with first letter of expected username\n      cy.wrap($el).should('contain.text', 'L');\n    }\n  });\n  // Validate dropdown chevron\n  cy.get('svg.lucide-chevron-down').should('be.visible');\n});",
              "err": {},
              "uuid": "432e2095-db14-426f-9586-d562b84f1d0e",
              "parentUUID": "506da592-aed8-433e-9cf5-ccf20b53f2c5",
              "isHook": false,
              "skipped": false
            },
            {
              "title": "should check for profile icon with dynamic user initial using session token",
              "fullTitle": "File Upload Authorized Page Validation: validate UI implementation should check for profile icon with dynamic user initial using session token",
              "timedOut": null,
              "duration": 8794,
              "state": "passed",
              "speed": "medium",
              "pass": true,
              "fail": false,
              "pending": false,
              "context": null,
              "code": "// Get the session token from the cookie\ncy.getCookie('next-auth.session-token').should('exist').then(cookie => {\n  // Use the cookie value as your token (prepend \"Bearer \" if needed)\n  const sessionToken = cookie.value;\n  const authHeader = sessionToken.startsWith('Bearer ') ? sessionToken : `Bearer ${sessionToken}`;\n  // Use the session token in the API request to get the user details\n  cy.request({\n    method: 'GET',\n    url: 'https://api-dev.reconxi.com/api/v1/user',\n    headers: {\n      Authorization: authHeader\n    }\n  }).then(response => {\n    const userName = response.body.data.user.name;\n    const firstLetter = userName.charAt(0).toUpperCase();\n    cy.get('[data-slot=\"dropdown-menu-trigger\"]').should('be.visible').first().within(() => {\n      cy.get('.rounded-full').should('be.visible').then($el => {\n        if ($el.find('img').length === 0) {\n          cy.wrap($el).should('contain.text', firstLetter);\n        }\n      });\n      cy.get('svg.lucide-chevron-down').should('be.visible');\n    });\n  });\n});",
              "err": {},
              "uuid": "f3471a91-0441-4f78-9fce-04aa966bcda6",
              "parentUUID": "506da592-aed8-433e-9cf5-ccf20b53f2c5",
              "isHook": false,
              "skipped": false
            }
          ],
          "suites": [],
          "passes": [
            "54b700a1-da9c-4210-ba16-20a3e292afdb",
            "f41cf8ac-7fdb-42da-bda8-50dd19dce3de",
            "1ac360cd-5eb9-4e70-bebc-f266ce73f168",
            "e325bc01-c29a-4521-a1e3-a8d96082c068",
            "31963e15-512d-4296-a528-3b6bfdab8e21",
            "432e2095-db14-426f-9586-d562b84f1d0e",
            "f3471a91-0441-4f78-9fce-04aa966bcda6"
          ],
          "failures": [],
          "pending": [],
          "skipped": [],
          "duration": 55452,
          "root": false,
          "rootEmpty": false,
          "_timeout": 2000
        },
        {
          "uuid": "c169890c-1c44-4060-9200-e2c2cf711a73",
          "title": "File Upload Unauthorized Page Validation: validate UI implementation",
          "fullFile": "",
          "file": "",
          "beforeHooks": [],
          "afterHooks": [],
          "tests": [
            {
              "title": "should redirect unauthorized users to the unauthorized page",
              "fullTitle": "File Upload Unauthorized Page Validation: validate UI implementation should redirect unauthorized users to the unauthorized page",
              "timedOut": null,
              "duration": 3889,
              "state": "passed",
              "speed": "fast",
              "pass": true,
              "fail": false,
              "pending": false,
              "context": null,
              "code": "// Attempt to visit the file upload page without logging in\ncy.visit('/file-upload', {\n  failOnStatusCode: false\n});\n// Verify that the unauthorized page is displayed\ncy.get('.w-fit.mx-auto.my-32.flex.flex-col.items-center.gap-4').should('be.visible').within(() => {\n  cy.contains('OOPS!').should('be.visible');\n  cy.contains('UNAUTHORIZED').should('be.visible');\n  cy.contains('a', 'Go Back').should('be.visible');\n});\n// Verify the presence of the ReconXi logo\ncy.get('a[href=\"/\"]').should('be.visible').first().within(() => {\n  cy.get('svg').should('be.visible'); // Assuming the logo is an SVG\n  cy.contains('ReconXi').should('be.visible');\n});\n// Verify the presence of the \"Login\" and \"Sign up\" buttons\ncy.get('button').contains('Login').should('be.visible');\ncy.get('button').contains('Sign up').should('be.visible');",
              "err": {},
              "uuid": "018a083f-b3c2-40e4-b61b-8b2d53ab37bc",
              "parentUUID": "c169890c-1c44-4060-9200-e2c2cf711a73",
              "isHook": false,
              "skipped": false
            }
          ],
          "suites": [],
          "passes": [
            "018a083f-b3c2-40e4-b61b-8b2d53ab37bc"
          ],
          "failures": [],
          "pending": [],
          "skipped": [],
          "duration": 3889,
          "root": false,
          "rootEmpty": false,
          "_timeout": 2000
        }
      ],
      "passes": [],
      "failures": [],
      "pending": [],
      "skipped": [],
      "duration": 0,
      "root": true,
      "rootEmpty": true,
      "_timeout": 2000
    }
  ],
  "meta": {
    "mocha": {
      "version": "7.0.1"
    },
    "mochawesome": {
      "options": {
        "quiet": false,
        "reportFilename": "mochawesome",
        "saveHtml": true,
        "saveJson": true,
        "consoleReporter": "spec",
        "useInlineDiffs": false,
        "code": true
      },
      "version": "7.1.3"
    },
    "marge": {
      "options": {
        "reportDir": "cypress/reports",
        "overwrite": false,
        "html": true,
        "json": true
      },
      "version": "6.2.0"
    }
  }
}