{
  "stats": {
    "suites": 1,
    "tests": 1,
    "passes": 1,
    "pending": 0,
    "failures": 0,
    "start": "2025-03-30T14:46:00.794Z",
    "end": "2025-03-30T14:46:09.234Z",
    "duration": 8440,
    "testsRegistered": 1,
    "passPercent": 100,
    "pendingPercent": 0,
    "other": 0,
    "hasOther": false,
    "skipped": 0,
    "hasSkipped": false
  },
  "results": [
    {
      "uuid": "68193c87-ab04-4f0a-b6c2-fc44c8525921",
      "title": "",
      "fullFile": "cypress/e2e/Authentication/mock_auth.cy.js",
      "file": "cypress/e2e/Authentication/mock_auth.cy.js",
      "beforeHooks": [],
      "afterHooks": [],
      "tests": [],
      "suites": [
        {
          "uuid": "b01ab244-3ef6-4208-abe5-956bca4a7e77",
          "title": "Google",
          "fullFile": "",
          "file": "",
          "beforeHooks": [],
          "afterHooks": [],
          "tests": [
            {
              "title": "shows dashboard",
              "fullTitle": "Google shows dashboard",
              "timedOut": null,
              "duration": 8322,
              "state": "passed",
              "speed": "medium",
              "pass": true,
              "fail": false,
              "pending": false,
              "context": null,
              "code": "// cy.contains('Get Started').should('be.visible')\ncy.visit('/dashboard');",
              "err": {},
              "uuid": "198d6930-25b9-4d71-93e1-7a57a3ddad02",
              "parentUUID": "b01ab244-3ef6-4208-abe5-956bca4a7e77",
              "isHook": false,
              "skipped": false
            }
          ],
          "suites": [],
          "passes": [
            "198d6930-25b9-4d71-93e1-7a57a3ddad02"
          ],
          "failures": [],
          "pending": [],
          "skipped": [],
          "duration": 8322,
          "root": false,
          "rootEmpty": false,
          "_timeout": 2000
        }
      ],
      "passes": [],
      "failures": [],
      "pending": [],
      "skipped": [],
      "duration": 0,
      "root": true,
      "rootEmpty": true,
      "_timeout": 2000
    }
  ],
  "meta": {
    "mocha": {
      "version": "7.0.1"
    },
    "mochawesome": {
      "options": {
        "quiet": false,
        "reportFilename": "mochawesome",
        "saveHtml": false,
        "saveJson": true,
        "consoleReporter": "spec",
        "useInlineDiffs": false,
        "code": true
      },
      "version": "7.1.3"
    },
    "marge": {
      "options": {
        "reportDir": "cypress/reports",
        "overwrite": false,
        "html": false,
        "json": true
      },
      "version": "6.2.0"
    }
  }
}