{
  "stats": {
    "suites": 1,
    "tests": 1,
    "passes": 1,
    "pending": 0,
    "failures": 0,
    "start": "2025-03-30T14:46:12.269Z",
    "end": "2025-03-30T14:46:20.148Z",
    "duration": 7879,
    "testsRegistered": 1,
    "passPercent": 100,
    "pendingPercent": 0,
    "other": 0,
    "hasOther": false,
    "skipped": 0,
    "hasSkipped": false
  },
  "results": [
    {
      "uuid": "083196a4-e5a5-4041-b2a2-4013928b1894",
      "title": "",
      "fullFile": "cypress/e2e/Authentication/real-login.cy.js",
      "file": "cypress/e2e/Authentication/real-login.cy.js",
      "beforeHooks": [],
      "afterHooks": [],
      "tests": [],
      "suites": [
        {
          "uuid": "bff767d0-d083-4024-bf20-f0208c699a06",
          "title": "real google authentication",
          "fullFile": "",
          "file": "",
          "beforeHooks": [],
          "afterHooks": [],
          "tests": [
            {
              "title": "shows dashboard",
              "fullTitle": "real google authentication shows dashboard",
              "timedOut": null,
              "duration": 7651,
              "state": "passed",
              "speed": "medium",
              "pass": true,
              "fail": false,
              "pending": false,
              "context": null,
              "code": "// cy.contains('Get Started').should('be.visible')\ncy.visit('/dashboard');",
              "err": {},
              "uuid": "4e6aed63-0c6b-4055-9475-5104e73dc76a",
              "parentUUID": "bff767d0-d083-4024-bf20-f0208c699a06",
              "isHook": false,
              "skipped": false
            }
          ],
          "suites": [],
          "passes": [
            "4e6aed63-0c6b-4055-9475-5104e73dc76a"
          ],
          "failures": [],
          "pending": [],
          "skipped": [],
          "duration": 7651,
          "root": false,
          "rootEmpty": false,
          "_timeout": 2000
        }
      ],
      "passes": [],
      "failures": [],
      "pending": [],
      "skipped": [],
      "duration": 0,
      "root": true,
      "rootEmpty": true,
      "_timeout": 2000
    }
  ],
  "meta": {
    "mocha": {
      "version": "7.0.1"
    },
    "mochawesome": {
      "options": {
        "quiet": false,
        "reportFilename": "mochawesome",
        "saveHtml": false,
        "saveJson": true,
        "consoleReporter": "spec",
        "useInlineDiffs": false,
        "code": true
      },
      "version": "7.1.3"
    },
    "marge": {
      "options": {
        "reportDir": "cypress/reports",
        "overwrite": false,
        "html": false,
        "json": true
      },
      "version": "6.2.0"
    }
  }
}